<?xml version="1.0" encoding="UTF-8"?>
<testsuite xmlns:xsi="http://www.w3.org/2001/XMLSchema-instance" xsi:noNamespaceSchemaLocation="https://maven.apache.org/surefire/maven-surefire-plugin/xsd/surefire-test-report-3.0.xsd" version="3.0" name="org.acme.hibernate.orm.panache.FruitsEndpointTest" time="7.401" tests="3" errors="0" skipped="0" failures="0">
  <properties>
    <property name="java.specification.version" value="19"/>
    <property name="sun.jnu.encoding" value="UTF-8"/>
    <property name="test.url" value="http://localhost:8081"/>
    <property name="java.class.path" value="/Users/andreas.hansen/dev/quarkus/hibernate-orm-panache-quickstart/target/test-classes:/Users/andreas.hansen/dev/quarkus/hibernate-orm-panache-quickstart/target/classes:/Users/andreas.hansen/.m2/repository/io/quarkus/quarkus-hibernate-reactive-panache/2.16.2.Final/quarkus-hibernate-reactive-panache-2.16.2.Final.jar:/Users/andreas.hansen/.m2/repository/io/quarkus/quarkus-core/2.16.2.Final/quarkus-core-2.16.2.Final.jar:/Users/andreas.hansen/.m2/repository/jakarta/annotation/jakarta.annotation-api/1.3.5/jakarta.annotation-api-1.3.5.jar:/Users/andreas.hansen/.m2/repository/jakarta/enterprise/jakarta.enterprise.cdi-api/2.0.2/jakarta.enterprise.cdi-api-2.0.2.jar:/Users/andreas.hansen/.m2/repository/jakarta/el/jakarta.el-api/3.0.3/jakarta.el-api-3.0.3.jar:/Users/andreas.hansen/.m2/repository/jakarta/interceptor/jakarta.interceptor-api/1.2.5/jakarta.interceptor-api-1.2.5.jar:/Users/andreas.hansen/.m2/repository/jakarta/inject/jakarta.inject-api/1.0/jakarta.inject-api-1.0.jar:/Users/andreas.hansen/.m2/repository/io/quarkus/quarkus-ide-launcher/2.16.2.Final/quarkus-ide-launcher-2.16.2.Final.jar:/Users/andreas.hansen/.m2/repository/io/quarkus/quarkus-development-mode-spi/2.16.2.Final/quarkus-development-mode-spi-2.16.2.Final.jar:/Users/andreas.hansen/.m2/repository/io/smallrye/config/smallrye-config/2.13.2/smallrye-config-2.13.2.jar:/Users/andreas.hansen/.m2/repository/io/smallrye/config/smallrye-config-core/2.13.2/smallrye-config-core-2.13.2.jar:/Users/andreas.hansen/.m2/repository/org/eclipse/microprofile/config/microprofile-config-api/2.0.1/microprofile-config-api-2.0.1.jar:/Users/andreas.hansen/.m2/repository/io/smallrye/common/smallrye-common-expression/1.13.2/smallrye-common-expression-1.13.2.jar:/Users/andreas.hansen/.m2/repository/io/smallrye/common/smallrye-common-function/1.13.2/smallrye-common-function-1.13.2.jar:/Users/andreas.hansen/.m2/repository/io/smallrye/common/smallrye-common-classloader/1.13.2/smallrye-common-classloader-1.13.2.jar:/Users/andreas.hansen/.m2/repository/io/smallrye/config/smallrye-config-common/2.13.2/smallrye-config-common-2.13.2.jar:/Users/andreas.hansen/.m2/repository/org/jboss/logging/jboss-logging/3.5.0.Final/jboss-logging-3.5.0.Final.jar:/Users/andreas.hansen/.m2/repository/org/jboss/logmanager/jboss-logmanager-embedded/1.0.11/jboss-logmanager-embedded-1.0.11.jar:/Users/andreas.hansen/.m2/repository/org/jboss/logging/jboss-logging-annotations/2.2.1.Final/jboss-logging-annotations-2.2.1.Final.jar:/Users/andreas.hansen/.m2/repository/org/jboss/threads/jboss-threads/3.4.3.Final/jboss-threads-3.4.3.Final.jar:/Users/andreas.hansen/.m2/repository/org/slf4j/slf4j-api/1.7.36/slf4j-api-1.7.36.jar:/Users/andreas.hansen/.m2/repository/org/jboss/slf4j/slf4j-jboss-logmanager/1.2.0.Final/slf4j-jboss-logmanager-1.2.0.Final.jar:/Users/andreas.hansen/.m2/repository/org/graalvm/sdk/graal-sdk/22.3.0/graal-sdk-22.3.0.jar:/Users/andreas.hansen/.m2/repository/org/wildfly/common/wildfly-common/1.5.4.Final-format-001/wildfly-common-1.5.4.Final-format-001.jar:/Users/andreas.hansen/.m2/repository/io/quarkus/quarkus-bootstrap-runner/2.16.2.Final/quarkus-bootstrap-runner-2.16.2.Final.jar:/Users/andreas.hansen/.m2/repository/io/quarkus/quarkus-fs-util/0.0.9/quarkus-fs-util-0.0.9.jar:/Users/andreas.hansen/.m2/repository/io/quarkus/quarkus-hibernate-reactive/2.16.2.Final/quarkus-hibernate-reactive-2.16.2.Final.jar:/Users/andreas.hansen/.m2/repository/io/quarkus/quarkus-hibernate-orm/2.16.2.Final/quarkus-hibernate-orm-2.16.2.Final.jar:/Users/andreas.hansen/.m2/repository/org/hibernate/hibernate-core/5.6.15.Final/hibernate-core-5.6.15.Final.jar:/Users/andreas.hansen/.m2/repository/net/bytebuddy/byte-buddy/1.12.18/byte-buddy-1.12.18.jar:/Users/andreas.hansen/.m2/repository/antlr/antlr/2.7.7/antlr-2.7.7.jar:/Users/andreas.hansen/.m2/repository/com/fasterxml/classmate/1.5.1/classmate-1.5.1.jar:/Users/andreas.hansen/.m2/repository/org/hibernate/common/hibernate-commons-annotations/5.1.2.Final/hibernate-commons-annotations-5.1.2.Final.jar:/Users/andreas.hansen/.m2/repository/org/hibernate/hibernate-graalvm/5.6.15.Final/hibernate-graalvm-5.6.15.Final.jar:/Users/andreas.hansen/.m2/repository/org/glassfish/jaxb/jaxb-runtime/2.3.3-b02/jaxb-runtime-2.3.3-b02.jar:/Users/andreas.hansen/.m2/repository/org/glassfish/jaxb/txw2/2.3.3-b02/txw2-2.3.3-b02.jar:/Users/andreas.hansen/.m2/repository/com/sun/istack/istack-commons-runtime/3.0.10/istack-commons-runtime-3.0.10.jar:/Users/andreas.hansen/.m2/repository/com/sun/activation/jakarta.activation/1.2.1/jakarta.activation-1.2.1.jar:/Users/andreas.hansen/.m2/repository/jakarta/persistence/jakarta.persistence-api/2.2.3/jakarta.persistence-api-2.2.3.jar:/Users/andreas.hansen/.m2/repository/jakarta/transaction/jakarta.transaction-api/1.3.3/jakarta.transaction-api-1.3.3.jar:/Users/andreas.hansen/.m2/repository/org/hibernate/quarkus-local-cache/0.1.1/quarkus-local-cache-0.1.1.jar:/Users/andreas.hansen/.m2/repository/io/quarkus/quarkus-caffeine/2.16.2.Final/quarkus-caffeine-2.16.2.Final.jar:/Users/andreas.hansen/.m2/repository/com/github/ben-manes/caffeine/caffeine/3.1.1/caffeine-3.1.1.jar:/Users/andreas.hansen/.m2/repository/com/google/errorprone/error_prone_annotations/2.17.0/error_prone_annotations-2.17.0.jar:/Users/andreas.hansen/.m2/repository/org/hibernate/reactive/hibernate-reactive-core/1.1.9.Final/hibernate-reactive-core-1.1.9.Final.jar:/Users/andreas.hansen/.m2/repository/io/quarkus/quarkus-mutiny/2.16.2.Final/quarkus-mutiny-2.16.2.Final.jar:/Users/andreas.hansen/.m2/repository/io/smallrye/reactive/mutiny/1.9.0/mutiny-1.9.0.jar:/Users/andreas.hansen/.m2/repository/org/reactivestreams/reactive-streams/1.0.3/reactive-streams-1.0.3.jar:/Users/andreas.hansen/.m2/repository/io/quarkus/quarkus-smallrye-context-propagation/2.16.2.Final/quarkus-smallrye-context-propagation-2.16.2.Final.jar:/Users/andreas.hansen/.m2/repository/io/smallrye/smallrye-context-propagation/1.2.2/smallrye-context-propagation-1.2.2.jar:/Users/andreas.hansen/.m2/repository/io/smallrye/smallrye-context-propagation-api/1.2.2/smallrye-context-propagation-api-1.2.2.jar:/Users/andreas.hansen/.m2/repository/io/smallrye/smallrye-context-propagation-storage/1.2.2/smallrye-context-propagation-storage-1.2.2.jar:/Users/andreas.hansen/.m2/repository/io/smallrye/reactive/mutiny-smallrye-context-propagation/1.9.0/mutiny-smallrye-context-propagation-1.9.0.jar:/Users/andreas.hansen/.m2/repository/io/quarkus/quarkus-hibernate-reactive-panache-common/2.16.2.Final/quarkus-hibernate-reactive-panache-common-2.16.2.Final.jar:/Users/andreas.hansen/.m2/repository/io/quarkus/quarkus-panache-common/2.16.2.Final/quarkus-panache-common-2.16.2.Final.jar:/Users/andreas.hansen/.m2/repository/io/quarkus/quarkus-panache-hibernate-common/2.16.2.Final/quarkus-panache-hibernate-common-2.16.2.Final.jar:/Users/andreas.hansen/.m2/repository/io/quarkus/quarkus-arc/2.16.2.Final/quarkus-arc-2.16.2.Final.jar:/Users/andreas.hansen/.m2/repository/io/quarkus/arc/arc/2.16.2.Final/arc-2.16.2.Final.jar:/Users/andreas.hansen/.m2/repository/org/eclipse/microprofile/context-propagation/microprofile-context-propagation-api/1.2/microprofile-context-propagation-api-1.2.jar:/Users/andreas.hansen/.m2/repository/io/smallrye/common/smallrye-common-annotation/1.13.2/smallrye-common-annotation-1.13.2.jar:/Users/andreas.hansen/.m2/repository/io/quarkus/quarkus-reactive-pg-client/2.16.2.Final/quarkus-reactive-pg-client-2.16.2.Final.jar:/Users/andreas.hansen/.m2/repository/io/quarkus/quarkus-reactive-datasource/2.16.2.Final/quarkus-reactive-datasource-2.16.2.Final.jar:/Users/andreas.hansen/.m2/repository/io/quarkus/quarkus-datasource/2.16.2.Final/quarkus-datasource-2.16.2.Final.jar:/Users/andreas.hansen/.m2/repository/io/quarkus/quarkus-datasource-common/2.16.2.Final/quarkus-datasource-common-2.16.2.Final.jar:/Users/andreas.hansen/.m2/repository/io/vertx/vertx-sql-client/4.3.7/vertx-sql-client-4.3.7.jar:/Users/andreas.hansen/.m2/repository/io/quarkus/quarkus-vertx/2.16.2.Final/quarkus-vertx-2.16.2.Final.jar:/Users/andreas.hansen/.m2/repository/io/quarkus/quarkus-netty/2.16.2.Final/quarkus-netty-2.16.2.Final.jar:/Users/andreas.hansen/.m2/repository/io/netty/netty-codec/4.1.86.Final/netty-codec-4.1.86.Final.jar:/Users/andreas.hansen/.m2/repository/io/netty/netty-codec-http/4.1.86.Final/netty-codec-http-4.1.86.Final.jar:/Users/andreas.hansen/.m2/repository/io/netty/netty-codec-http2/4.1.86.Final/netty-codec-http2-4.1.86.Final.jar:/Users/andreas.hansen/.m2/repository/io/netty/netty-handler/4.1.86.Final/netty-handler-4.1.86.Final.jar:/Users/andreas.hansen/.m2/repository/io/netty/netty-transport-native-unix-common/4.1.86.Final/netty-transport-native-unix-common-4.1.86.Final.jar:/Users/andreas.hansen/.m2/repository/com/aayushatharva/brotli4j/brotli4j/1.8.0/brotli4j-1.8.0.jar:/Users/andreas.hansen/.m2/repository/com/aayushatharva/brotli4j/native-osx-aarch64/1.8.0/native-osx-aarch64-1.8.0.jar:/Users/andreas.hansen/.m2/repository/io/netty/netty-codec-haproxy/4.1.86.Final/netty-codec-haproxy-4.1.86.Final.jar:/Users/andreas.hansen/.m2/repository/io/netty/netty-buffer/4.1.86.Final/netty-buffer-4.1.86.Final.jar:/Users/andreas.hansen/.m2/repository/io/netty/netty-transport/4.1.86.Final/netty-transport-4.1.86.Final.jar:/Users/andreas.hansen/.m2/repository/io/smallrye/common/smallrye-common-vertx-context/1.13.2/smallrye-common-vertx-context-1.13.2.jar:/Users/andreas.hansen/.m2/repository/io/smallrye/common/smallrye-common-constraint/1.13.2/smallrye-common-constraint-1.13.2.jar:/Users/andreas.hansen/.m2/repository/io/quarkus/quarkus-vertx-latebound-mdc-provider/2.16.2.Final/quarkus-vertx-latebound-mdc-provider-2.16.2.Final.jar:/Users/andreas.hansen/.m2/repository/io/smallrye/reactive/smallrye-mutiny-vertx-core/2.30.1/smallrye-mutiny-vertx-core-2.30.1.jar:/Users/andreas.hansen/.m2/repository/io/smallrye/reactive/smallrye-mutiny-vertx-runtime/2.30.1/smallrye-mutiny-vertx-runtime-2.30.1.jar:/Users/andreas.hansen/.m2/repository/io/smallrye/reactive/vertx-mutiny-generator/2.30.1/vertx-mutiny-generator-2.30.1.jar:/Users/andreas.hansen/.m2/repository/io/vertx/vertx-codegen/4.3.7/vertx-codegen-4.3.7.jar:/Users/andreas.hansen/.m2/repository/io/smallrye/smallrye-fault-tolerance-vertx/5.6.0/smallrye-fault-tolerance-vertx-5.6.0.jar:/Users/andreas.hansen/.m2/repository/io/vertx/vertx-pg-client/4.3.7/vertx-pg-client-4.3.7.jar:/Users/andreas.hansen/.m2/repository/io/vertx/vertx-core/4.3.7/vertx-core-4.3.7.jar:/Users/andreas.hansen/.m2/repository/io/netty/netty-common/4.1.86.Final/netty-common-4.1.86.Final.jar:/Users/andreas.hansen/.m2/repository/io/netty/netty-handler-proxy/4.1.86.Final/netty-handler-proxy-4.1.86.Final.jar:/Users/andreas.hansen/.m2/repository/io/netty/netty-codec-socks/4.1.86.Final/netty-codec-socks-4.1.86.Final.jar:/Users/andreas.hansen/.m2/repository/io/netty/netty-resolver/4.1.86.Final/netty-resolver-4.1.86.Final.jar:/Users/andreas.hansen/.m2/repository/io/netty/netty-resolver-dns/4.1.86.Final/netty-resolver-dns-4.1.86.Final.jar:/Users/andreas.hansen/.m2/repository/io/netty/netty-codec-dns/4.1.86.Final/netty-codec-dns-4.1.86.Final.jar:/Users/andreas.hansen/.m2/repository/com/fasterxml/jackson/core/jackson-core/2.14.2/jackson-core-2.14.2.jar:/Users/andreas.hansen/.m2/repository/com/ongres/scram/client/2.1/client-2.1.jar:/Users/andreas.hansen/.m2/repository/com/ongres/scram/common/2.1/common-2.1.jar:/Users/andreas.hansen/.m2/repository/com/ongres/stringprep/saslprep/1.1/saslprep-1.1.jar:/Users/andreas.hansen/.m2/repository/com/ongres/stringprep/stringprep/1.1/stringprep-1.1.jar:/Users/andreas.hansen/.m2/repository/io/smallrye/reactive/smallrye-mutiny-vertx-pg-client/2.30.1/smallrye-mutiny-vertx-pg-client-2.30.1.jar:/Users/andreas.hansen/.m2/repository/io/smallrye/reactive/smallrye-mutiny-vertx-sql-client/2.30.1/smallrye-mutiny-vertx-sql-client-2.30.1.jar:/Users/andreas.hansen/.m2/repository/io/quarkus/quarkus-credentials/2.16.2.Final/quarkus-credentials-2.16.2.Final.jar:/Users/andreas.hansen/.m2/repository/io/quarkus/quarkus-resteasy-reactive/2.16.2.Final/quarkus-resteasy-reactive-2.16.2.Final.jar:/Users/andreas.hansen/.m2/repository/io/quarkus/quarkus-resteasy-reactive-common/2.16.2.Final/quarkus-resteasy-reactive-common-2.16.2.Final.jar:/Users/andreas.hansen/.m2/repository/io/quarkus/resteasy/reactive/resteasy-reactive-common/2.16.2.Final/resteasy-reactive-common-2.16.2.Final.jar:/Users/andreas.hansen/.m2/repository/io/quarkus/resteasy/reactive/resteasy-reactive-common-types/2.16.2.Final/resteasy-reactive-common-types-2.16.2.Final.jar:/Users/andreas.hansen/.m2/repository/io/quarkus/resteasy/reactive/resteasy-reactive-vertx/2.16.2.Final/resteasy-reactive-vertx-2.16.2.Final.jar:/Users/andreas.hansen/.m2/repository/io/vertx/vertx-web/4.3.7/vertx-web-4.3.7.jar:/Users/andreas.hansen/.m2/repository/io/vertx/vertx-web-common/4.3.7/vertx-web-common-4.3.7.jar:/Users/andreas.hansen/.m2/repository/io/vertx/vertx-auth-common/4.3.7/vertx-auth-common-4.3.7.jar:/Users/andreas.hansen/.m2/repository/io/vertx/vertx-bridge-common/4.3.7/vertx-bridge-common-4.3.7.jar:/Users/andreas.hansen/.m2/repository/io/quarkus/resteasy/reactive/resteasy-reactive/2.16.2.Final/resteasy-reactive-2.16.2.Final.jar:/Users/andreas.hansen/.m2/repository/org/jboss/spec/javax/ws/rs/jboss-jaxrs-api_2.1_spec/2.0.1.Final/jboss-jaxrs-api_2.1_spec-2.0.1.Final.jar:/Users/andreas.hansen/.m2/repository/org/jboss/logging/commons-logging-jboss-logging/1.0.0.Final/commons-logging-jboss-logging-1.0.0.Final.jar:/Users/andreas.hansen/.m2/repository/org/jboss/spec/javax/xml/bind/jboss-jaxb-api_2.3_spec/2.0.0.Final/jboss-jaxb-api_2.3_spec-2.0.0.Final.jar:/Users/andreas.hansen/.m2/repository/io/quarkus/quarkus-vertx-http/2.16.2.Final/quarkus-vertx-http-2.16.2.Final.jar:/Users/andreas.hansen/.m2/repository/io/quarkus/quarkus-security-runtime-spi/2.16.2.Final/quarkus-security-runtime-spi-2.16.2.Final.jar:/Users/andreas.hansen/.m2/repository/io/quarkus/quarkus-vertx-http-dev-console-runtime-spi/2.16.2.Final/quarkus-vertx-http-dev-console-runtime-spi-2.16.2.Final.jar:/Users/andreas.hansen/.m2/repository/io/quarkus/security/quarkus-security/1.1.4.Final/quarkus-security-1.1.4.Final.jar:/Users/andreas.hansen/.m2/repository/io/smallrye/reactive/smallrye-mutiny-vertx-web/2.30.1/smallrye-mutiny-vertx-web-2.30.1.jar:/Users/andreas.hansen/.m2/repository/io/smallrye/reactive/smallrye-mutiny-vertx-web-common/2.30.1/smallrye-mutiny-vertx-web-common-2.30.1.jar:/Users/andreas.hansen/.m2/repository/io/smallrye/reactive/smallrye-mutiny-vertx-auth-common/2.30.1/smallrye-mutiny-vertx-auth-common-2.30.1.jar:/Users/andreas.hansen/.m2/repository/io/smallrye/reactive/smallrye-mutiny-vertx-bridge-common/2.30.1/smallrye-mutiny-vertx-bridge-common-2.30.1.jar:/Users/andreas.hansen/.m2/repository/io/smallrye/reactive/smallrye-mutiny-vertx-uri-template/2.30.1/smallrye-mutiny-vertx-uri-template-2.30.1.jar:/Users/andreas.hansen/.m2/repository/io/vertx/vertx-uri-template/4.3.7/vertx-uri-template-4.3.7.jar:/Users/andreas.hansen/.m2/repository/io/github/crac/org-crac/0.1.3/org-crac-0.1.3.jar:/Users/andreas.hansen/.m2/repository/io/quarkus/quarkus-jsonp/2.16.2.Final/quarkus-jsonp-2.16.2.Final.jar:/Users/andreas.hansen/.m2/repository/org/glassfish/jakarta.json/1.1.6/jakarta.json-1.1.6.jar:/Users/andreas.hansen/.m2/repository/io/quarkus/quarkus-resteasy-reactive-jackson/2.16.2.Final/quarkus-resteasy-reactive-jackson-2.16.2.Final.jar:/Users/andreas.hansen/.m2/repository/io/quarkus/quarkus-resteasy-reactive-jackson-common/2.16.2.Final/quarkus-resteasy-reactive-jackson-common-2.16.2.Final.jar:/Users/andreas.hansen/.m2/repository/io/quarkus/resteasy/reactive/resteasy-reactive-jackson/2.16.2.Final/resteasy-reactive-jackson-2.16.2.Final.jar:/Users/andreas.hansen/.m2/repository/com/fasterxml/jackson/core/jackson-databind/2.14.2/jackson-databind-2.14.2.jar:/Users/andreas.hansen/.m2/repository/com/fasterxml/jackson/core/jackson-annotations/2.14.2/jackson-annotations-2.14.2.jar:/Users/andreas.hansen/.m2/repository/io/quarkus/quarkus-jackson/2.16.2.Final/quarkus-jackson-2.16.2.Final.jar:/Users/andreas.hansen/.m2/repository/com/fasterxml/jackson/datatype/jackson-datatype-jsr310/2.14.2/jackson-datatype-jsr310-2.14.2.jar:/Users/andreas.hansen/.m2/repository/com/fasterxml/jackson/datatype/jackson-datatype-jdk8/2.14.2/jackson-datatype-jdk8-2.14.2.jar:/Users/andreas.hansen/.m2/repository/com/fasterxml/jackson/module/jackson-module-parameter-names/2.14.2/jackson-module-parameter-names-2.14.2.jar:/Users/andreas.hansen/.m2/repository/io/quarkus/quarkus-junit5/2.16.2.Final/quarkus-junit5-2.16.2.Final.jar:/Users/andreas.hansen/.m2/repository/io/quarkus/quarkus-bootstrap-core/2.16.2.Final/quarkus-bootstrap-core-2.16.2.Final.jar:/Users/andreas.hansen/.m2/repository/io/quarkus/quarkus-bootstrap-app-model/2.16.2.Final/quarkus-bootstrap-app-model-2.16.2.Final.jar:/Users/andreas.hansen/.m2/repository/io/smallrye/common/smallrye-common-io/1.13.2/smallrye-common-io-1.13.2.jar:/Users/andreas.hansen/.m2/repository/org/eclipse/sisu/org.eclipse.sisu.inject/0.3.5/org.eclipse.sisu.inject-0.3.5.jar:/Users/andreas.hansen/.m2/repository/io/quarkus/quarkus-test-common/2.16.2.Final/quarkus-test-common-2.16.2.Final.jar:/Users/andreas.hansen/.m2/repository/io/quarkus/quarkus-core-deployment/2.16.2.Final/quarkus-core-deployment-2.16.2.Final.jar:/Users/andreas.hansen/.m2/repository/org/aesh/readline/2.2/readline-2.2.jar:/Users/andreas.hansen/.m2/repository/org/fusesource/jansi/jansi/1.18/jansi-1.18.jar:/Users/andreas.hansen/.m2/repository/org/aesh/aesh/2.7/aesh-2.7.jar:/Users/andreas.hansen/.m2/repository/io/quarkus/gizmo/gizmo/1.6.0.Final/gizmo-1.6.0.Final.jar:/Users/andreas.hansen/.m2/repository/org/ow2/asm/asm-util/9.4/asm-util-9.4.jar:/Users/andreas.hansen/.m2/repository/org/ow2/asm/asm-analysis/9.4/asm-analysis-9.4.jar:/Users/andreas.hansen/.m2/repository/org/ow2/asm/asm/9.4/asm-9.4.jar:/Users/andreas.hansen/.m2/repository/org/ow2/asm/asm-commons/9.4/asm-commons-9.4.jar:/Users/andreas.hansen/.m2/repository/org/ow2/asm/asm-tree/9.4/asm-tree-9.4.jar:/Users/andreas.hansen/.m2/repository/io/quarkus/quarkus-class-change-agent/2.16.2.Final/quarkus-class-change-agent-2.16.2.Final.jar:/Users/andreas.hansen/.m2/repository/io/quarkus/quarkus-devtools-utilities/2.16.2.Final/quarkus-devtools-utilities-2.16.2.Final.jar:/Users/andreas.hansen/.m2/repository/io/quarkus/quarkus-builder/2.16.2.Final/quarkus-builder-2.16.2.Final.jar:/Users/andreas.hansen/.m2/repository/org/junit/platform/junit-platform-launcher/1.9.2/junit-platform-launcher-1.9.2.jar:/Users/andreas.hansen/.m2/repository/io/quarkus/quarkus-bootstrap-maven-resolver/2.16.2.Final/quarkus-bootstrap-maven-resolver-2.16.2.Final.jar:/Users/andreas.hansen/.m2/repository/org/apache/maven/maven-embedder/3.8.6/maven-embedder-3.8.6.jar:/Users/andreas.hansen/.m2/repository/org/apache/maven/maven-settings/3.8.6/maven-settings-3.8.6.jar:/Users/andreas.hansen/.m2/repository/org/apache/maven/maven-core/3.8.6/maven-core-3.8.6.jar:/Users/andreas.hansen/.m2/repository/org/apache/maven/maven-artifact/3.8.6/maven-artifact-3.8.6.jar:/Users/andreas.hansen/.m2/repository/org/codehaus/plexus/plexus-component-annotations/2.1.0/plexus-component-annotations-2.1.0.jar:/Users/andreas.hansen/.m2/repository/org/apache/maven/maven-plugin-api/3.8.6/maven-plugin-api-3.8.6.jar:/Users/andreas.hansen/.m2/repository/org/apache/maven/maven-model/3.8.6/maven-model-3.8.6.jar:/Users/andreas.hansen/.m2/repository/org/apache/maven/maven-model-builder/3.8.6/maven-model-builder-3.8.6.jar:/Users/andreas.hansen/.m2/repository/org/apache/maven/maven-builder-support/3.8.6/maven-builder-support-3.8.6.jar:/Users/andreas.hansen/.m2/repository/org/apache/maven/resolver/maven-resolver-api/1.6.3/maven-resolver-api-1.6.3.jar:/Users/andreas.hansen/.m2/repository/org/apache/maven/resolver/maven-resolver-util/1.6.3/maven-resolver-util-1.6.3.jar:/Users/andreas.hansen/.m2/repository/org/apache/maven/shared/maven-shared-utils/3.3.4/maven-shared-utils-3.3.4.jar:/Users/andreas.hansen/.m2/repository/commons-io/commons-io/2.11.0/commons-io-2.11.0.jar:/Users/andreas.hansen/.m2/repository/com/google/inject/guice/4.2.2/guice-4.2.2-no_aop.jar:/Users/andreas.hansen/.m2/repository/com/google/guava/guava/31.1-jre/guava-31.1-jre.jar:/Users/andreas.hansen/.m2/repository/com/google/guava/failureaccess/1.0.1/failureaccess-1.0.1.jar:/Users/andreas.hansen/.m2/repository/org/codehaus/plexus/plexus-classworlds/2.6.0/plexus-classworlds-2.6.0.jar:/Users/andreas.hansen/.m2/repository/org/codehaus/plexus/plexus-sec-dispatcher/2.0/plexus-sec-dispatcher-2.0.jar:/Users/andreas.hansen/.m2/repository/org/codehaus/plexus/plexus-cipher/2.0/plexus-cipher-2.0.jar:/Users/andreas.hansen/.m2/repository/commons-cli/commons-cli/1.4/commons-cli-1.4.jar:/Users/andreas.hansen/.m2/repository/org/eclipse/sisu/org.eclipse.sisu.plexus/0.3.5/org.eclipse.sisu.plexus-0.3.5.jar:/Users/andreas.hansen/.m2/repository/org/apache/maven/maven-settings-builder/3.8.6/maven-settings-builder-3.8.6.jar:/Users/andreas.hansen/.m2/repository/org/codehaus/plexus/plexus-interpolation/1.26/plexus-interpolation-1.26.jar:/Users/andreas.hansen/.m2/repository/org/apache/maven/maven-resolver-provider/3.8.6/maven-resolver-provider-3.8.6.jar:/Users/andreas.hansen/.m2/repository/org/apache/maven/maven-repository-metadata/3.8.6/maven-repository-metadata-3.8.6.jar:/Users/andreas.hansen/.m2/repository/org/apache/maven/resolver/maven-resolver-spi/1.6.3/maven-resolver-spi-1.6.3.jar:/Users/andreas.hansen/.m2/repository/org/apache/maven/resolver/maven-resolver-impl/1.6.3/maven-resolver-impl-1.6.3.jar:/Users/andreas.hansen/.m2/repository/org/codehaus/plexus/plexus-utils/3.3.0/plexus-utils-3.3.0.jar:/Users/andreas.hansen/.m2/repository/org/apache/maven/resolver/maven-resolver-connector-basic/1.6.3/maven-resolver-connector-basic-1.6.3.jar:/Users/andreas.hansen/.m2/repository/org/apache/maven/resolver/maven-resolver-transport-wagon/1.6.3/maven-resolver-transport-wagon-1.6.3.jar:/Users/andreas.hansen/.m2/repository/org/apache/maven/wagon/wagon-http/3.5.1/wagon-http-3.5.1.jar:/Users/andreas.hansen/.m2/repository/org/apache/maven/wagon/wagon-http-shared/3.5.1/wagon-http-shared-3.5.1.jar:/Users/andreas.hansen/.m2/repository/org/apache/maven/wagon/wagon-provider-api/3.5.1/wagon-provider-api-3.5.1.jar:/Users/andreas.hansen/.m2/repository/org/apache/maven/wagon/wagon-file/3.5.1/wagon-file-3.5.1.jar:/Users/andreas.hansen/.m2/repository/io/quarkus/quarkus-bootstrap-gradle-resolver/2.16.2.Final/quarkus-bootstrap-gradle-resolver-2.16.2.Final.jar:/Users/andreas.hansen/.m2/repository/io/smallrye/jandex/3.0.5/jandex-3.0.5.jar:/Users/andreas.hansen/.m2/repository/io/quarkus/quarkus-junit5-properties/2.16.2.Final/quarkus-junit5-properties-2.16.2.Final.jar:/Users/andreas.hansen/.m2/repository/org/junit/jupiter/junit-jupiter/5.9.2/junit-jupiter-5.9.2.jar:/Users/andreas.hansen/.m2/repository/org/junit/jupiter/junit-jupiter-api/5.9.2/junit-jupiter-api-5.9.2.jar:/Users/andreas.hansen/.m2/repository/org/opentest4j/opentest4j/1.2.0/opentest4j-1.2.0.jar:/Users/andreas.hansen/.m2/repository/org/junit/platform/junit-platform-commons/1.9.2/junit-platform-commons-1.9.2.jar:/Users/andreas.hansen/.m2/repository/org/apiguardian/apiguardian-api/1.1.2/apiguardian-api-1.1.2.jar:/Users/andreas.hansen/.m2/repository/org/junit/jupiter/junit-jupiter-params/5.9.2/junit-jupiter-params-5.9.2.jar:/Users/andreas.hansen/.m2/repository/org/junit/jupiter/junit-jupiter-engine/5.9.2/junit-jupiter-engine-5.9.2.jar:/Users/andreas.hansen/.m2/repository/org/junit/platform/junit-platform-engine/1.9.2/junit-platform-engine-1.9.2.jar:/Users/andreas.hansen/.m2/repository/com/thoughtworks/xstream/xstream/1.4.20/xstream-1.4.20.jar:/Users/andreas.hansen/.m2/repository/io/github/x-stream/mxparser/1.2.2/mxparser-1.2.2.jar:/Users/andreas.hansen/.m2/repository/xmlpull/xmlpull/1.1.3.1/xmlpull-1.1.3.1.jar:/Users/andreas.hansen/.m2/repository/org/assertj/assertj-core/3.22.0/assertj-core-3.22.0.jar:/Users/andreas.hansen/.m2/repository/io/rest-assured/rest-assured/4.5.1/rest-assured-4.5.1.jar:/Users/andreas.hansen/.m2/repository/org/codehaus/groovy/groovy/3.0.9/groovy-3.0.9.jar:/Users/andreas.hansen/.m2/repository/org/codehaus/groovy/groovy-xml/3.0.9/groovy-xml-3.0.9.jar:/Users/andreas.hansen/.m2/repository/org/apache/httpcomponents/httpclient/4.5.14/httpclient-4.5.14.jar:/Users/andreas.hansen/.m2/repository/org/apache/httpcomponents/httpcore/4.4.16/httpcore-4.4.16.jar:/Users/andreas.hansen/.m2/repository/commons-codec/commons-codec/1.15/commons-codec-1.15.jar:/Users/andreas.hansen/.m2/repository/org/apache/httpcomponents/httpmime/4.5.14/httpmime-4.5.14.jar:/Users/andreas.hansen/.m2/repository/org/hamcrest/hamcrest/2.1/hamcrest-2.1.jar:/Users/andreas.hansen/.m2/repository/org/ccil/cowan/tagsoup/tagsoup/1.2.1/tagsoup-1.2.1.jar:/Users/andreas.hansen/.m2/repository/io/rest-assured/json-path/4.5.1/json-path-4.5.1.jar:/Users/andreas.hansen/.m2/repository/org/codehaus/groovy/groovy-json/3.0.9/groovy-json-3.0.9.jar:/Users/andreas.hansen/.m2/repository/io/rest-assured/rest-assured-common/4.5.1/rest-assured-common-4.5.1.jar:/Users/andreas.hansen/.m2/repository/io/rest-assured/xml-path/4.5.1/xml-path-4.5.1.jar:/Users/andreas.hansen/.m2/repository/org/apache/commons/commons-lang3/3.12.0/commons-lang3-3.12.0.jar:"/>
    <property name="java.vm.vendor" value="GraalVM Community"/>
    <property name="sun.arch.data.model" value="64"/>
    <property name="java.vendor.url" value="https://www.graalvm.org/"/>
    <property name="user.timezone" value="Europe/Copenhagen"/>
    <property name="logging.initial-configurator.min-level" value="500"/>
    <property name="os.name" value="Mac OS X"/>
    <property name="java.vm.specification.version" value="19"/>
    <property name="sun.java.launcher" value="SUN_STANDARD"/>
    <property name="user.country" value="DK"/>
    <property name="sun.boot.library.path" value="/Library/Java/JavaVirtualMachines/graalvm-ce-java19-22.3.1/Contents/Home/lib"/>
    <property name="sun.java.command" value="/Users/andreas.hansen/dev/quarkus/hibernate-orm-panache-quickstart/target/surefire/surefirebooter-20230213142113583_3.jar /Users/andreas.hansen/dev/quarkus/hibernate-orm-panache-quickstart/target/surefire 2023-02-13T14-21-11_984-jvmRun1 surefire-20230213142113583_1tmp surefire_0-20230213142113583_2tmp"/>
    <property name="jdk.debug" value="release"/>
    <property name="maven.home" value="/Users/andreas.hansen/.m2/wrapper/dists/apache-maven-3.8.6-bin/67568434/apache-maven-3.8.6"/>
    <property name="surefire.test.class.path" value="/Users/andreas.hansen/dev/quarkus/hibernate-orm-panache-quickstart/target/test-classes:/Users/andreas.hansen/dev/quarkus/hibernate-orm-panache-quickstart/target/classes:/Users/andreas.hansen/.m2/repository/io/quarkus/quarkus-hibernate-reactive-panache/2.16.2.Final/quarkus-hibernate-reactive-panache-2.16.2.Final.jar:/Users/andreas.hansen/.m2/repository/io/quarkus/quarkus-core/2.16.2.Final/quarkus-core-2.16.2.Final.jar:/Users/andreas.hansen/.m2/repository/jakarta/annotation/jakarta.annotation-api/1.3.5/jakarta.annotation-api-1.3.5.jar:/Users/andreas.hansen/.m2/repository/jakarta/enterprise/jakarta.enterprise.cdi-api/2.0.2/jakarta.enterprise.cdi-api-2.0.2.jar:/Users/andreas.hansen/.m2/repository/jakarta/el/jakarta.el-api/3.0.3/jakarta.el-api-3.0.3.jar:/Users/andreas.hansen/.m2/repository/jakarta/interceptor/jakarta.interceptor-api/1.2.5/jakarta.interceptor-api-1.2.5.jar:/Users/andreas.hansen/.m2/repository/jakarta/inject/jakarta.inject-api/1.0/jakarta.inject-api-1.0.jar:/Users/andreas.hansen/.m2/repository/io/quarkus/quarkus-ide-launcher/2.16.2.Final/quarkus-ide-launcher-2.16.2.Final.jar:/Users/andreas.hansen/.m2/repository/io/quarkus/quarkus-development-mode-spi/2.16.2.Final/quarkus-development-mode-spi-2.16.2.Final.jar:/Users/andreas.hansen/.m2/repository/io/smallrye/config/smallrye-config/2.13.2/smallrye-config-2.13.2.jar:/Users/andreas.hansen/.m2/repository/io/smallrye/config/smallrye-config-core/2.13.2/smallrye-config-core-2.13.2.jar:/Users/andreas.hansen/.m2/repository/org/eclipse/microprofile/config/microprofile-config-api/2.0.1/microprofile-config-api-2.0.1.jar:/Users/andreas.hansen/.m2/repository/io/smallrye/common/smallrye-common-expression/1.13.2/smallrye-common-expression-1.13.2.jar:/Users/andreas.hansen/.m2/repository/io/smallrye/common/smallrye-common-function/1.13.2/smallrye-common-function-1.13.2.jar:/Users/andreas.hansen/.m2/repository/io/smallrye/common/smallrye-common-classloader/1.13.2/smallrye-common-classloader-1.13.2.jar:/Users/andreas.hansen/.m2/repository/io/smallrye/config/smallrye-config-common/2.13.2/smallrye-config-common-2.13.2.jar:/Users/andreas.hansen/.m2/repository/org/jboss/logging/jboss-logging/3.5.0.Final/jboss-logging-3.5.0.Final.jar:/Users/andreas.hansen/.m2/repository/org/jboss/logmanager/jboss-logmanager-embedded/1.0.11/jboss-logmanager-embedded-1.0.11.jar:/Users/andreas.hansen/.m2/repository/org/jboss/logging/jboss-logging-annotations/2.2.1.Final/jboss-logging-annotations-2.2.1.Final.jar:/Users/andreas.hansen/.m2/repository/org/jboss/threads/jboss-threads/3.4.3.Final/jboss-threads-3.4.3.Final.jar:/Users/andreas.hansen/.m2/repository/org/slf4j/slf4j-api/1.7.36/slf4j-api-1.7.36.jar:/Users/andreas.hansen/.m2/repository/org/jboss/slf4j/slf4j-jboss-logmanager/1.2.0.Final/slf4j-jboss-logmanager-1.2.0.Final.jar:/Users/andreas.hansen/.m2/repository/org/graalvm/sdk/graal-sdk/22.3.0/graal-sdk-22.3.0.jar:/Users/andreas.hansen/.m2/repository/org/wildfly/common/wildfly-common/1.5.4.Final-format-001/wildfly-common-1.5.4.Final-format-001.jar:/Users/andreas.hansen/.m2/repository/io/quarkus/quarkus-bootstrap-runner/2.16.2.Final/quarkus-bootstrap-runner-2.16.2.Final.jar:/Users/andreas.hansen/.m2/repository/io/quarkus/quarkus-fs-util/0.0.9/quarkus-fs-util-0.0.9.jar:/Users/andreas.hansen/.m2/repository/io/quarkus/quarkus-hibernate-reactive/2.16.2.Final/quarkus-hibernate-reactive-2.16.2.Final.jar:/Users/andreas.hansen/.m2/repository/io/quarkus/quarkus-hibernate-orm/2.16.2.Final/quarkus-hibernate-orm-2.16.2.Final.jar:/Users/andreas.hansen/.m2/repository/org/hibernate/hibernate-core/5.6.15.Final/hibernate-core-5.6.15.Final.jar:/Users/andreas.hansen/.m2/repository/net/bytebuddy/byte-buddy/1.12.18/byte-buddy-1.12.18.jar:/Users/andreas.hansen/.m2/repository/antlr/antlr/2.7.7/antlr-2.7.7.jar:/Users/andreas.hansen/.m2/repository/com/fasterxml/classmate/1.5.1/classmate-1.5.1.jar:/Users/andreas.hansen/.m2/repository/org/hibernate/common/hibernate-commons-annotations/5.1.2.Final/hibernate-commons-annotations-5.1.2.Final.jar:/Users/andreas.hansen/.m2/repository/org/hibernate/hibernate-graalvm/5.6.15.Final/hibernate-graalvm-5.6.15.Final.jar:/Users/andreas.hansen/.m2/repository/org/glassfish/jaxb/jaxb-runtime/2.3.3-b02/jaxb-runtime-2.3.3-b02.jar:/Users/andreas.hansen/.m2/repository/org/glassfish/jaxb/txw2/2.3.3-b02/txw2-2.3.3-b02.jar:/Users/andreas.hansen/.m2/repository/com/sun/istack/istack-commons-runtime/3.0.10/istack-commons-runtime-3.0.10.jar:/Users/andreas.hansen/.m2/repository/com/sun/activation/jakarta.activation/1.2.1/jakarta.activation-1.2.1.jar:/Users/andreas.hansen/.m2/repository/jakarta/persistence/jakarta.persistence-api/2.2.3/jakarta.persistence-api-2.2.3.jar:/Users/andreas.hansen/.m2/repository/jakarta/transaction/jakarta.transaction-api/1.3.3/jakarta.transaction-api-1.3.3.jar:/Users/andreas.hansen/.m2/repository/org/hibernate/quarkus-local-cache/0.1.1/quarkus-local-cache-0.1.1.jar:/Users/andreas.hansen/.m2/repository/io/quarkus/quarkus-caffeine/2.16.2.Final/quarkus-caffeine-2.16.2.Final.jar:/Users/andreas.hansen/.m2/repository/com/github/ben-manes/caffeine/caffeine/3.1.1/caffeine-3.1.1.jar:/Users/andreas.hansen/.m2/repository/com/google/errorprone/error_prone_annotations/2.17.0/error_prone_annotations-2.17.0.jar:/Users/andreas.hansen/.m2/repository/org/hibernate/reactive/hibernate-reactive-core/1.1.9.Final/hibernate-reactive-core-1.1.9.Final.jar:/Users/andreas.hansen/.m2/repository/io/quarkus/quarkus-mutiny/2.16.2.Final/quarkus-mutiny-2.16.2.Final.jar:/Users/andreas.hansen/.m2/repository/io/smallrye/reactive/mutiny/1.9.0/mutiny-1.9.0.jar:/Users/andreas.hansen/.m2/repository/org/reactivestreams/reactive-streams/1.0.3/reactive-streams-1.0.3.jar:/Users/andreas.hansen/.m2/repository/io/quarkus/quarkus-smallrye-context-propagation/2.16.2.Final/quarkus-smallrye-context-propagation-2.16.2.Final.jar:/Users/andreas.hansen/.m2/repository/io/smallrye/smallrye-context-propagation/1.2.2/smallrye-context-propagation-1.2.2.jar:/Users/andreas.hansen/.m2/repository/io/smallrye/smallrye-context-propagation-api/1.2.2/smallrye-context-propagation-api-1.2.2.jar:/Users/andreas.hansen/.m2/repository/io/smallrye/smallrye-context-propagation-storage/1.2.2/smallrye-context-propagation-storage-1.2.2.jar:/Users/andreas.hansen/.m2/repository/io/smallrye/reactive/mutiny-smallrye-context-propagation/1.9.0/mutiny-smallrye-context-propagation-1.9.0.jar:/Users/andreas.hansen/.m2/repository/io/quarkus/quarkus-hibernate-reactive-panache-common/2.16.2.Final/quarkus-hibernate-reactive-panache-common-2.16.2.Final.jar:/Users/andreas.hansen/.m2/repository/io/quarkus/quarkus-panache-common/2.16.2.Final/quarkus-panache-common-2.16.2.Final.jar:/Users/andreas.hansen/.m2/repository/io/quarkus/quarkus-panache-hibernate-common/2.16.2.Final/quarkus-panache-hibernate-common-2.16.2.Final.jar:/Users/andreas.hansen/.m2/repository/io/quarkus/quarkus-arc/2.16.2.Final/quarkus-arc-2.16.2.Final.jar:/Users/andreas.hansen/.m2/repository/io/quarkus/arc/arc/2.16.2.Final/arc-2.16.2.Final.jar:/Users/andreas.hansen/.m2/repository/org/eclipse/microprofile/context-propagation/microprofile-context-propagation-api/1.2/microprofile-context-propagation-api-1.2.jar:/Users/andreas.hansen/.m2/repository/io/smallrye/common/smallrye-common-annotation/1.13.2/smallrye-common-annotation-1.13.2.jar:/Users/andreas.hansen/.m2/repository/io/quarkus/quarkus-reactive-pg-client/2.16.2.Final/quarkus-reactive-pg-client-2.16.2.Final.jar:/Users/andreas.hansen/.m2/repository/io/quarkus/quarkus-reactive-datasource/2.16.2.Final/quarkus-reactive-datasource-2.16.2.Final.jar:/Users/andreas.hansen/.m2/repository/io/quarkus/quarkus-datasource/2.16.2.Final/quarkus-datasource-2.16.2.Final.jar:/Users/andreas.hansen/.m2/repository/io/quarkus/quarkus-datasource-common/2.16.2.Final/quarkus-datasource-common-2.16.2.Final.jar:/Users/andreas.hansen/.m2/repository/io/vertx/vertx-sql-client/4.3.7/vertx-sql-client-4.3.7.jar:/Users/andreas.hansen/.m2/repository/io/quarkus/quarkus-vertx/2.16.2.Final/quarkus-vertx-2.16.2.Final.jar:/Users/andreas.hansen/.m2/repository/io/quarkus/quarkus-netty/2.16.2.Final/quarkus-netty-2.16.2.Final.jar:/Users/andreas.hansen/.m2/repository/io/netty/netty-codec/4.1.86.Final/netty-codec-4.1.86.Final.jar:/Users/andreas.hansen/.m2/repository/io/netty/netty-codec-http/4.1.86.Final/netty-codec-http-4.1.86.Final.jar:/Users/andreas.hansen/.m2/repository/io/netty/netty-codec-http2/4.1.86.Final/netty-codec-http2-4.1.86.Final.jar:/Users/andreas.hansen/.m2/repository/io/netty/netty-handler/4.1.86.Final/netty-handler-4.1.86.Final.jar:/Users/andreas.hansen/.m2/repository/io/netty/netty-transport-native-unix-common/4.1.86.Final/netty-transport-native-unix-common-4.1.86.Final.jar:/Users/andreas.hansen/.m2/repository/com/aayushatharva/brotli4j/brotli4j/1.8.0/brotli4j-1.8.0.jar:/Users/andreas.hansen/.m2/repository/com/aayushatharva/brotli4j/native-osx-aarch64/1.8.0/native-osx-aarch64-1.8.0.jar:/Users/andreas.hansen/.m2/repository/io/netty/netty-codec-haproxy/4.1.86.Final/netty-codec-haproxy-4.1.86.Final.jar:/Users/andreas.hansen/.m2/repository/io/netty/netty-buffer/4.1.86.Final/netty-buffer-4.1.86.Final.jar:/Users/andreas.hansen/.m2/repository/io/netty/netty-transport/4.1.86.Final/netty-transport-4.1.86.Final.jar:/Users/andreas.hansen/.m2/repository/io/smallrye/common/smallrye-common-vertx-context/1.13.2/smallrye-common-vertx-context-1.13.2.jar:/Users/andreas.hansen/.m2/repository/io/smallrye/common/smallrye-common-constraint/1.13.2/smallrye-common-constraint-1.13.2.jar:/Users/andreas.hansen/.m2/repository/io/quarkus/quarkus-vertx-latebound-mdc-provider/2.16.2.Final/quarkus-vertx-latebound-mdc-provider-2.16.2.Final.jar:/Users/andreas.hansen/.m2/repository/io/smallrye/reactive/smallrye-mutiny-vertx-core/2.30.1/smallrye-mutiny-vertx-core-2.30.1.jar:/Users/andreas.hansen/.m2/repository/io/smallrye/reactive/smallrye-mutiny-vertx-runtime/2.30.1/smallrye-mutiny-vertx-runtime-2.30.1.jar:/Users/andreas.hansen/.m2/repository/io/smallrye/reactive/vertx-mutiny-generator/2.30.1/vertx-mutiny-generator-2.30.1.jar:/Users/andreas.hansen/.m2/repository/io/vertx/vertx-codegen/4.3.7/vertx-codegen-4.3.7.jar:/Users/andreas.hansen/.m2/repository/io/smallrye/smallrye-fault-tolerance-vertx/5.6.0/smallrye-fault-tolerance-vertx-5.6.0.jar:/Users/andreas.hansen/.m2/repository/io/vertx/vertx-pg-client/4.3.7/vertx-pg-client-4.3.7.jar:/Users/andreas.hansen/.m2/repository/io/vertx/vertx-core/4.3.7/vertx-core-4.3.7.jar:/Users/andreas.hansen/.m2/repository/io/netty/netty-common/4.1.86.Final/netty-common-4.1.86.Final.jar:/Users/andreas.hansen/.m2/repository/io/netty/netty-handler-proxy/4.1.86.Final/netty-handler-proxy-4.1.86.Final.jar:/Users/andreas.hansen/.m2/repository/io/netty/netty-codec-socks/4.1.86.Final/netty-codec-socks-4.1.86.Final.jar:/Users/andreas.hansen/.m2/repository/io/netty/netty-resolver/4.1.86.Final/netty-resolver-4.1.86.Final.jar:/Users/andreas.hansen/.m2/repository/io/netty/netty-resolver-dns/4.1.86.Final/netty-resolver-dns-4.1.86.Final.jar:/Users/andreas.hansen/.m2/repository/io/netty/netty-codec-dns/4.1.86.Final/netty-codec-dns-4.1.86.Final.jar:/Users/andreas.hansen/.m2/repository/com/fasterxml/jackson/core/jackson-core/2.14.2/jackson-core-2.14.2.jar:/Users/andreas.hansen/.m2/repository/com/ongres/scram/client/2.1/client-2.1.jar:/Users/andreas.hansen/.m2/repository/com/ongres/scram/common/2.1/common-2.1.jar:/Users/andreas.hansen/.m2/repository/com/ongres/stringprep/saslprep/1.1/saslprep-1.1.jar:/Users/andreas.hansen/.m2/repository/com/ongres/stringprep/stringprep/1.1/stringprep-1.1.jar:/Users/andreas.hansen/.m2/repository/io/smallrye/reactive/smallrye-mutiny-vertx-pg-client/2.30.1/smallrye-mutiny-vertx-pg-client-2.30.1.jar:/Users/andreas.hansen/.m2/repository/io/smallrye/reactive/smallrye-mutiny-vertx-sql-client/2.30.1/smallrye-mutiny-vertx-sql-client-2.30.1.jar:/Users/andreas.hansen/.m2/repository/io/quarkus/quarkus-credentials/2.16.2.Final/quarkus-credentials-2.16.2.Final.jar:/Users/andreas.hansen/.m2/repository/io/quarkus/quarkus-resteasy-reactive/2.16.2.Final/quarkus-resteasy-reactive-2.16.2.Final.jar:/Users/andreas.hansen/.m2/repository/io/quarkus/quarkus-resteasy-reactive-common/2.16.2.Final/quarkus-resteasy-reactive-common-2.16.2.Final.jar:/Users/andreas.hansen/.m2/repository/io/quarkus/resteasy/reactive/resteasy-reactive-common/2.16.2.Final/resteasy-reactive-common-2.16.2.Final.jar:/Users/andreas.hansen/.m2/repository/io/quarkus/resteasy/reactive/resteasy-reactive-common-types/2.16.2.Final/resteasy-reactive-common-types-2.16.2.Final.jar:/Users/andreas.hansen/.m2/repository/io/quarkus/resteasy/reactive/resteasy-reactive-vertx/2.16.2.Final/resteasy-reactive-vertx-2.16.2.Final.jar:/Users/andreas.hansen/.m2/repository/io/vertx/vertx-web/4.3.7/vertx-web-4.3.7.jar:/Users/andreas.hansen/.m2/repository/io/vertx/vertx-web-common/4.3.7/vertx-web-common-4.3.7.jar:/Users/andreas.hansen/.m2/repository/io/vertx/vertx-auth-common/4.3.7/vertx-auth-common-4.3.7.jar:/Users/andreas.hansen/.m2/repository/io/vertx/vertx-bridge-common/4.3.7/vertx-bridge-common-4.3.7.jar:/Users/andreas.hansen/.m2/repository/io/quarkus/resteasy/reactive/resteasy-reactive/2.16.2.Final/resteasy-reactive-2.16.2.Final.jar:/Users/andreas.hansen/.m2/repository/org/jboss/spec/javax/ws/rs/jboss-jaxrs-api_2.1_spec/2.0.1.Final/jboss-jaxrs-api_2.1_spec-2.0.1.Final.jar:/Users/andreas.hansen/.m2/repository/org/jboss/logging/commons-logging-jboss-logging/1.0.0.Final/commons-logging-jboss-logging-1.0.0.Final.jar:/Users/andreas.hansen/.m2/repository/org/jboss/spec/javax/xml/bind/jboss-jaxb-api_2.3_spec/2.0.0.Final/jboss-jaxb-api_2.3_spec-2.0.0.Final.jar:/Users/andreas.hansen/.m2/repository/io/quarkus/quarkus-vertx-http/2.16.2.Final/quarkus-vertx-http-2.16.2.Final.jar:/Users/andreas.hansen/.m2/repository/io/quarkus/quarkus-security-runtime-spi/2.16.2.Final/quarkus-security-runtime-spi-2.16.2.Final.jar:/Users/andreas.hansen/.m2/repository/io/quarkus/quarkus-vertx-http-dev-console-runtime-spi/2.16.2.Final/quarkus-vertx-http-dev-console-runtime-spi-2.16.2.Final.jar:/Users/andreas.hansen/.m2/repository/io/quarkus/security/quarkus-security/1.1.4.Final/quarkus-security-1.1.4.Final.jar:/Users/andreas.hansen/.m2/repository/io/smallrye/reactive/smallrye-mutiny-vertx-web/2.30.1/smallrye-mutiny-vertx-web-2.30.1.jar:/Users/andreas.hansen/.m2/repository/io/smallrye/reactive/smallrye-mutiny-vertx-web-common/2.30.1/smallrye-mutiny-vertx-web-common-2.30.1.jar:/Users/andreas.hansen/.m2/repository/io/smallrye/reactive/smallrye-mutiny-vertx-auth-common/2.30.1/smallrye-mutiny-vertx-auth-common-2.30.1.jar:/Users/andreas.hansen/.m2/repository/io/smallrye/reactive/smallrye-mutiny-vertx-bridge-common/2.30.1/smallrye-mutiny-vertx-bridge-common-2.30.1.jar:/Users/andreas.hansen/.m2/repository/io/smallrye/reactive/smallrye-mutiny-vertx-uri-template/2.30.1/smallrye-mutiny-vertx-uri-template-2.30.1.jar:/Users/andreas.hansen/.m2/repository/io/vertx/vertx-uri-template/4.3.7/vertx-uri-template-4.3.7.jar:/Users/andreas.hansen/.m2/repository/io/github/crac/org-crac/0.1.3/org-crac-0.1.3.jar:/Users/andreas.hansen/.m2/repository/io/quarkus/quarkus-jsonp/2.16.2.Final/quarkus-jsonp-2.16.2.Final.jar:/Users/andreas.hansen/.m2/repository/org/glassfish/jakarta.json/1.1.6/jakarta.json-1.1.6.jar:/Users/andreas.hansen/.m2/repository/io/quarkus/quarkus-resteasy-reactive-jackson/2.16.2.Final/quarkus-resteasy-reactive-jackson-2.16.2.Final.jar:/Users/andreas.hansen/.m2/repository/io/quarkus/quarkus-resteasy-reactive-jackson-common/2.16.2.Final/quarkus-resteasy-reactive-jackson-common-2.16.2.Final.jar:/Users/andreas.hansen/.m2/repository/io/quarkus/resteasy/reactive/resteasy-reactive-jackson/2.16.2.Final/resteasy-reactive-jackson-2.16.2.Final.jar:/Users/andreas.hansen/.m2/repository/com/fasterxml/jackson/core/jackson-databind/2.14.2/jackson-databind-2.14.2.jar:/Users/andreas.hansen/.m2/repository/com/fasterxml/jackson/core/jackson-annotations/2.14.2/jackson-annotations-2.14.2.jar:/Users/andreas.hansen/.m2/repository/io/quarkus/quarkus-jackson/2.16.2.Final/quarkus-jackson-2.16.2.Final.jar:/Users/andreas.hansen/.m2/repository/com/fasterxml/jackson/datatype/jackson-datatype-jsr310/2.14.2/jackson-datatype-jsr310-2.14.2.jar:/Users/andreas.hansen/.m2/repository/com/fasterxml/jackson/datatype/jackson-datatype-jdk8/2.14.2/jackson-datatype-jdk8-2.14.2.jar:/Users/andreas.hansen/.m2/repository/com/fasterxml/jackson/module/jackson-module-parameter-names/2.14.2/jackson-module-parameter-names-2.14.2.jar:/Users/andreas.hansen/.m2/repository/io/quarkus/quarkus-junit5/2.16.2.Final/quarkus-junit5-2.16.2.Final.jar:/Users/andreas.hansen/.m2/repository/io/quarkus/quarkus-bootstrap-core/2.16.2.Final/quarkus-bootstrap-core-2.16.2.Final.jar:/Users/andreas.hansen/.m2/repository/io/quarkus/quarkus-bootstrap-app-model/2.16.2.Final/quarkus-bootstrap-app-model-2.16.2.Final.jar:/Users/andreas.hansen/.m2/repository/io/smallrye/common/smallrye-common-io/1.13.2/smallrye-common-io-1.13.2.jar:/Users/andreas.hansen/.m2/repository/org/eclipse/sisu/org.eclipse.sisu.inject/0.3.5/org.eclipse.sisu.inject-0.3.5.jar:/Users/andreas.hansen/.m2/repository/io/quarkus/quarkus-test-common/2.16.2.Final/quarkus-test-common-2.16.2.Final.jar:/Users/andreas.hansen/.m2/repository/io/quarkus/quarkus-core-deployment/2.16.2.Final/quarkus-core-deployment-2.16.2.Final.jar:/Users/andreas.hansen/.m2/repository/org/aesh/readline/2.2/readline-2.2.jar:/Users/andreas.hansen/.m2/repository/org/fusesource/jansi/jansi/1.18/jansi-1.18.jar:/Users/andreas.hansen/.m2/repository/org/aesh/aesh/2.7/aesh-2.7.jar:/Users/andreas.hansen/.m2/repository/io/quarkus/gizmo/gizmo/1.6.0.Final/gizmo-1.6.0.Final.jar:/Users/andreas.hansen/.m2/repository/org/ow2/asm/asm-util/9.4/asm-util-9.4.jar:/Users/andreas.hansen/.m2/repository/org/ow2/asm/asm-analysis/9.4/asm-analysis-9.4.jar:/Users/andreas.hansen/.m2/repository/org/ow2/asm/asm/9.4/asm-9.4.jar:/Users/andreas.hansen/.m2/repository/org/ow2/asm/asm-commons/9.4/asm-commons-9.4.jar:/Users/andreas.hansen/.m2/repository/org/ow2/asm/asm-tree/9.4/asm-tree-9.4.jar:/Users/andreas.hansen/.m2/repository/io/quarkus/quarkus-class-change-agent/2.16.2.Final/quarkus-class-change-agent-2.16.2.Final.jar:/Users/andreas.hansen/.m2/repository/io/quarkus/quarkus-devtools-utilities/2.16.2.Final/quarkus-devtools-utilities-2.16.2.Final.jar:/Users/andreas.hansen/.m2/repository/io/quarkus/quarkus-builder/2.16.2.Final/quarkus-builder-2.16.2.Final.jar:/Users/andreas.hansen/.m2/repository/org/junit/platform/junit-platform-launcher/1.9.2/junit-platform-launcher-1.9.2.jar:/Users/andreas.hansen/.m2/repository/io/quarkus/quarkus-bootstrap-maven-resolver/2.16.2.Final/quarkus-bootstrap-maven-resolver-2.16.2.Final.jar:/Users/andreas.hansen/.m2/repository/org/apache/maven/maven-embedder/3.8.6/maven-embedder-3.8.6.jar:/Users/andreas.hansen/.m2/repository/org/apache/maven/maven-settings/3.8.6/maven-settings-3.8.6.jar:/Users/andreas.hansen/.m2/repository/org/apache/maven/maven-core/3.8.6/maven-core-3.8.6.jar:/Users/andreas.hansen/.m2/repository/org/apache/maven/maven-artifact/3.8.6/maven-artifact-3.8.6.jar:/Users/andreas.hansen/.m2/repository/org/codehaus/plexus/plexus-component-annotations/2.1.0/plexus-component-annotations-2.1.0.jar:/Users/andreas.hansen/.m2/repository/org/apache/maven/maven-plugin-api/3.8.6/maven-plugin-api-3.8.6.jar:/Users/andreas.hansen/.m2/repository/org/apache/maven/maven-model/3.8.6/maven-model-3.8.6.jar:/Users/andreas.hansen/.m2/repository/org/apache/maven/maven-model-builder/3.8.6/maven-model-builder-3.8.6.jar:/Users/andreas.hansen/.m2/repository/org/apache/maven/maven-builder-support/3.8.6/maven-builder-support-3.8.6.jar:/Users/andreas.hansen/.m2/repository/org/apache/maven/resolver/maven-resolver-api/1.6.3/maven-resolver-api-1.6.3.jar:/Users/andreas.hansen/.m2/repository/org/apache/maven/resolver/maven-resolver-util/1.6.3/maven-resolver-util-1.6.3.jar:/Users/andreas.hansen/.m2/repository/org/apache/maven/shared/maven-shared-utils/3.3.4/maven-shared-utils-3.3.4.jar:/Users/andreas.hansen/.m2/repository/commons-io/commons-io/2.11.0/commons-io-2.11.0.jar:/Users/andreas.hansen/.m2/repository/com/google/inject/guice/4.2.2/guice-4.2.2-no_aop.jar:/Users/andreas.hansen/.m2/repository/com/google/guava/guava/31.1-jre/guava-31.1-jre.jar:/Users/andreas.hansen/.m2/repository/com/google/guava/failureaccess/1.0.1/failureaccess-1.0.1.jar:/Users/andreas.hansen/.m2/repository/org/codehaus/plexus/plexus-classworlds/2.6.0/plexus-classworlds-2.6.0.jar:/Users/andreas.hansen/.m2/repository/org/codehaus/plexus/plexus-sec-dispatcher/2.0/plexus-sec-dispatcher-2.0.jar:/Users/andreas.hansen/.m2/repository/org/codehaus/plexus/plexus-cipher/2.0/plexus-cipher-2.0.jar:/Users/andreas.hansen/.m2/repository/commons-cli/commons-cli/1.4/commons-cli-1.4.jar:/Users/andreas.hansen/.m2/repository/org/eclipse/sisu/org.eclipse.sisu.plexus/0.3.5/org.eclipse.sisu.plexus-0.3.5.jar:/Users/andreas.hansen/.m2/repository/org/apache/maven/maven-settings-builder/3.8.6/maven-settings-builder-3.8.6.jar:/Users/andreas.hansen/.m2/repository/org/codehaus/plexus/plexus-interpolation/1.26/plexus-interpolation-1.26.jar:/Users/andreas.hansen/.m2/repository/org/apache/maven/maven-resolver-provider/3.8.6/maven-resolver-provider-3.8.6.jar:/Users/andreas.hansen/.m2/repository/org/apache/maven/maven-repository-metadata/3.8.6/maven-repository-metadata-3.8.6.jar:/Users/andreas.hansen/.m2/repository/org/apache/maven/resolver/maven-resolver-spi/1.6.3/maven-resolver-spi-1.6.3.jar:/Users/andreas.hansen/.m2/repository/org/apache/maven/resolver/maven-resolver-impl/1.6.3/maven-resolver-impl-1.6.3.jar:/Users/andreas.hansen/.m2/repository/org/codehaus/plexus/plexus-utils/3.3.0/plexus-utils-3.3.0.jar:/Users/andreas.hansen/.m2/repository/org/apache/maven/resolver/maven-resolver-connector-basic/1.6.3/maven-resolver-connector-basic-1.6.3.jar:/Users/andreas.hansen/.m2/repository/org/apache/maven/resolver/maven-resolver-transport-wagon/1.6.3/maven-resolver-transport-wagon-1.6.3.jar:/Users/andreas.hansen/.m2/repository/org/apache/maven/wagon/wagon-http/3.5.1/wagon-http-3.5.1.jar:/Users/andreas.hansen/.m2/repository/org/apache/maven/wagon/wagon-http-shared/3.5.1/wagon-http-shared-3.5.1.jar:/Users/andreas.hansen/.m2/repository/org/apache/maven/wagon/wagon-provider-api/3.5.1/wagon-provider-api-3.5.1.jar:/Users/andreas.hansen/.m2/repository/org/apache/maven/wagon/wagon-file/3.5.1/wagon-file-3.5.1.jar:/Users/andreas.hansen/.m2/repository/io/quarkus/quarkus-bootstrap-gradle-resolver/2.16.2.Final/quarkus-bootstrap-gradle-resolver-2.16.2.Final.jar:/Users/andreas.hansen/.m2/repository/io/smallrye/jandex/3.0.5/jandex-3.0.5.jar:/Users/andreas.hansen/.m2/repository/io/quarkus/quarkus-junit5-properties/2.16.2.Final/quarkus-junit5-properties-2.16.2.Final.jar:/Users/andreas.hansen/.m2/repository/org/junit/jupiter/junit-jupiter/5.9.2/junit-jupiter-5.9.2.jar:/Users/andreas.hansen/.m2/repository/org/junit/jupiter/junit-jupiter-api/5.9.2/junit-jupiter-api-5.9.2.jar:/Users/andreas.hansen/.m2/repository/org/opentest4j/opentest4j/1.2.0/opentest4j-1.2.0.jar:/Users/andreas.hansen/.m2/repository/org/junit/platform/junit-platform-commons/1.9.2/junit-platform-commons-1.9.2.jar:/Users/andreas.hansen/.m2/repository/org/apiguardian/apiguardian-api/1.1.2/apiguardian-api-1.1.2.jar:/Users/andreas.hansen/.m2/repository/org/junit/jupiter/junit-jupiter-params/5.9.2/junit-jupiter-params-5.9.2.jar:/Users/andreas.hansen/.m2/repository/org/junit/jupiter/junit-jupiter-engine/5.9.2/junit-jupiter-engine-5.9.2.jar:/Users/andreas.hansen/.m2/repository/org/junit/platform/junit-platform-engine/1.9.2/junit-platform-engine-1.9.2.jar:/Users/andreas.hansen/.m2/repository/com/thoughtworks/xstream/xstream/1.4.20/xstream-1.4.20.jar:/Users/andreas.hansen/.m2/repository/io/github/x-stream/mxparser/1.2.2/mxparser-1.2.2.jar:/Users/andreas.hansen/.m2/repository/xmlpull/xmlpull/1.1.3.1/xmlpull-1.1.3.1.jar:/Users/andreas.hansen/.m2/repository/org/assertj/assertj-core/3.22.0/assertj-core-3.22.0.jar:/Users/andreas.hansen/.m2/repository/io/rest-assured/rest-assured/4.5.1/rest-assured-4.5.1.jar:/Users/andreas.hansen/.m2/repository/org/codehaus/groovy/groovy/3.0.9/groovy-3.0.9.jar:/Users/andreas.hansen/.m2/repository/org/codehaus/groovy/groovy-xml/3.0.9/groovy-xml-3.0.9.jar:/Users/andreas.hansen/.m2/repository/org/apache/httpcomponents/httpclient/4.5.14/httpclient-4.5.14.jar:/Users/andreas.hansen/.m2/repository/org/apache/httpcomponents/httpcore/4.4.16/httpcore-4.4.16.jar:/Users/andreas.hansen/.m2/repository/commons-codec/commons-codec/1.15/commons-codec-1.15.jar:/Users/andreas.hansen/.m2/repository/org/apache/httpcomponents/httpmime/4.5.14/httpmime-4.5.14.jar:/Users/andreas.hansen/.m2/repository/org/hamcrest/hamcrest/2.1/hamcrest-2.1.jar:/Users/andreas.hansen/.m2/repository/org/ccil/cowan/tagsoup/tagsoup/1.2.1/tagsoup-1.2.1.jar:/Users/andreas.hansen/.m2/repository/io/rest-assured/json-path/4.5.1/json-path-4.5.1.jar:/Users/andreas.hansen/.m2/repository/org/codehaus/groovy/groovy-json/3.0.9/groovy-json-3.0.9.jar:/Users/andreas.hansen/.m2/repository/io/rest-assured/rest-assured-common/4.5.1/rest-assured-common-4.5.1.jar:/Users/andreas.hansen/.m2/repository/io/rest-assured/xml-path/4.5.1/xml-path-4.5.1.jar:/Users/andreas.hansen/.m2/repository/org/apache/commons/commons-lang3/3.12.0/commons-lang3-3.12.0.jar:"/>
    <property name="sun.cpu.endian" value="little"/>
    <property name="user.home" value="/Users/andreas.hansen"/>
    <property name="user.language" value="en"/>
    <property name="jboss.log-version" value="false"/>
    <property name="java.specification.vendor" value="Oracle Corporation"/>
    <property name="io.netty.allocator.maxOrder" value="3"/>
    <property name="java.version.date" value="2023-01-17"/>
    <property name="java.home" value="/Library/Java/JavaVirtualMachines/graalvm-ce-java19-22.3.1/Contents/Home"/>
    <property name="file.separator" value="/"/>
    <property name="basedir" value="/Users/andreas.hansen/dev/quarkus/hibernate-orm-panache-quickstart"/>
    <property name="java.vm.compressedOopsMode" value="Zero based"/>
    <property name="jdk.internal.vm.ci.enabled" value="true"/>
    <property name="line.separator" value="&#10;"/>
    <property name="java.vm.specification.vendor" value="Oracle Corporation"/>
    <property name="java.specification.name" value="Java Platform API Specification"/>
    <property name="apple.awt.application.name" value="ForkedBooter"/>
    <property name="surefire.real.class.path" value="/Users/andreas.hansen/dev/quarkus/hibernate-orm-panache-quickstart/target/surefire/surefirebooter-20230213142113583_3.jar"/>
    <property name="sun.management.compiler" value="HotSpot 64-Bit Tiered Compilers"/>
    <property name="java.runtime.version" value="19.0.2+7-jvmci-22.3-b12"/>
    <property name="user.name" value="andreas.hansen"/>
    <property name="stdout.encoding" value="US-ASCII"/>
    <property name="path.separator" value=":"/>
    <property name="os.version" value="12.6.3"/>
    <property name="java.runtime.name" value="OpenJDK Runtime Environment"/>
    <property name="file.encoding" value="UTF-8"/>
    <property name="java.vm.name" value="OpenJDK 64-Bit Server VM"/>
    <property name="java.vendor.version" value="GraalVM CE 22.3.1"/>
    <property name="localRepository" value="/Users/andreas.hansen/.m2/repository"/>
    <property name="java.vendor.url.bug" value="https://github.com/oracle/graal/issues"/>
    <property name="java.io.tmpdir" value="/var/folders/dv/39jyb_9s12lbw51193xwjk6h0000gn/T/"/>
    <property name="quarkus.log.file.path" value="target/quarkus.log"/>
    <property name="java.version" value="19.0.2"/>
    <property name="java.util.concurrent.ForkJoinPool.common.threadFactory" value="io.quarkus.bootstrap.forkjoin.QuarkusForkJoinWorkerThreadFactory"/>
    <property name="user.dir" value="/Users/andreas.hansen/dev/quarkus/hibernate-orm-panache-quickstart"/>
    <property name="os.arch" value="aarch64"/>
    <property name="hibernate.bytecode.provider" value="none"/>
    <property name="java.vm.specification.name" value="Java Virtual Machine Specification"/>
    <property name="vertx.disableDnsResolver" value="true"/>
    <property name="native.encoding" value="US-ASCII"/>
    <property name="java.util.logging.manager" value="org.jboss.logmanager.LogManager"/>
    <property name="java.library.path" value="/Users/andreas.hansen/Library/Java/Extensions:/Library/Java/Extensions:/Network/Library/Java/Extensions:/System/Library/Java/Extensions:/usr/lib/java:."/>
    <property name="java.vm.info" value="mixed mode, sharing"/>
    <property name="stderr.encoding" value="US-ASCII"/>
    <property name="java.vendor" value="GraalVM Community"/>
    <property name="vertx.disableTCCL" value="true"/>
    <property name="java.vm.version" value="19.0.2+7-jvmci-22.3-b12"/>
    <property name="sun.io.unicode.encoding" value="UnicodeBig"/>
    <property name="io.netty.machineId" value="f3:6e:7f:93:b3:d7:a6:e1"/>
    <property name="java.class.version" value="63.0"/>
  </properties>
  <testcase name="testEntityNotFoundForDelete" classname="org.acme.hibernate.orm.panache.FruitsEndpointTest" time="0.597">
    <system-out><![CDATA[Downloading from central: https://repo.maven.apache.org/maven2/io/quarkus/quarkus-hibernate-reactive-panache-deployment/2.16.2.Final/quarkus-hibernate-reactive-panache-deployment-2.16.2.Final.pom
Progress (1): quarkus-hibernate-reactive-panache-deployment-2.16.2.Final.pom (2.7/9.1 kB)Progress (1): quarkus-hibernate-reactive-panache-deployment-2.16.2.Final.pom (5.5/9.1 kB)Progress (1): quarkus-hibernate-reactive-panache-deployment-2.16.2.Final.pom (8.2/9.1 kB)Progress (1): quarkus-hibernate-reactive-panache-deployment-2.16.2.Final.pom (9.1 kB)                                                                                         Downloaded from central: https://repo.maven.apache.org/maven2/io/quarkus/quarkus-hibernate-reactive-panache-deployment/2.16.2.Final/quarkus-hibernate-reactive-panache-deployment-2.16.2.Final.pom (9.1 kB at 39 kB/s)
Downloading from central: https://repo.maven.apache.org/maven2/io/quarkus/quarkus-hibernate-reactive-panache-common-deployment/2.16.2.Final/quarkus-hibernate-reactive-panache-common-deployment-2.16.2.Final.pom
Progress (1): quarkus-hibernate-reactive-panache-common-deployment-2.16.2.Final.pom (2.7/3.0 kB)Progress (1): quarkus-hibernate-reactive-panache-common-deployment-2.16.2.Final.pom (3.0 kB)                                                                                                Downloaded from central: https://repo.maven.apache.org/maven2/io/quarkus/quarkus-hibernate-reactive-panache-common-deployment/2.16.2.Final/quarkus-hibernate-reactive-panache-common-deployment-2.16.2.Final.pom (3.0 kB at 72 kB/s)
Downloading from central: https://repo.maven.apache.org/maven2/io/quarkus/quarkus-hibernate-reactive-deployment/2.16.2.Final/quarkus-hibernate-reactive-deployment-2.16.2.Final.pom
Progress (1): quarkus-hibernate-reactive-deployment-2.16.2.Final.pom (2.7/9.8 kB)Progress (1): quarkus-hibernate-reactive-deployment-2.16.2.Final.pom (5.5/9.8 kB)Progress (1): quarkus-hibernate-reactive-deployment-2.16.2.Final.pom (8.2/9.8 kB)Progress (1): quarkus-hibernate-reactive-deployment-2.16.2.Final.pom (9.8 kB)                                                                                 Downloaded from central: https://repo.maven.apache.org/maven2/io/quarkus/quarkus-hibernate-reactive-deployment/2.16.2.Final/quarkus-hibernate-reactive-deployment-2.16.2.Final.pom (9.8 kB at 239 kB/s)
Downloading from central: https://repo.maven.apache.org/maven2/io/quarkus/quarkus-reactive-datasource-deployment/2.16.2.Final/quarkus-reactive-datasource-deployment-2.16.2.Final.pom
Progress (1): quarkus-reactive-datasource-deployment-2.16.2.Final.pom (1.9 kB)                                                                              Downloaded from central: https://repo.maven.apache.org/maven2/io/quarkus/quarkus-reactive-datasource-deployment/2.16.2.Final/quarkus-reactive-datasource-deployment-2.16.2.Final.pom (1.9 kB at 40 kB/s)
Downloading from central: https://repo.maven.apache.org/maven2/io/quarkus/quarkus-reactive-pg-client-deployment/2.16.2.Final/quarkus-reactive-pg-client-deployment-2.16.2.Final.pom
Progress (1): quarkus-reactive-pg-client-deployment-2.16.2.Final.pom (2.7/8.3 kB)Progress (1): quarkus-reactive-pg-client-deployment-2.16.2.Final.pom (5.5/8.3 kB)Progress (1): quarkus-reactive-pg-client-deployment-2.16.2.Final.pom (8.2/8.3 kB)Progress (1): quarkus-reactive-pg-client-deployment-2.16.2.Final.pom (8.3 kB)                                                                                 Downloaded from central: https://repo.maven.apache.org/maven2/io/quarkus/quarkus-reactive-pg-client-deployment/2.16.2.Final/quarkus-reactive-pg-client-deployment-2.16.2.Final.pom (8.3 kB at 162 kB/s)
Downloading from central: https://repo.maven.apache.org/maven2/io/quarkus/quarkus-hibernate-reactive-deployment/2.16.2.Final/quarkus-hibernate-reactive-deployment-2.16.2.Final.jar
Progress (1): quarkus-hibernate-reactive-deployment-2.16.2.Final.jar (2.7/17 kB)Progress (1): quarkus-hibernate-reactive-deployment-2.16.2.Final.jar (5.5/17 kB)Progress (1): quarkus-hibernate-reactive-deployment-2.16.2.Final.jar (8.2/17 kB)Progress (1): quarkus-hibernate-reactive-deployment-2.16.2.Final.jar (11/17 kB) Progress (1): quarkus-hibernate-reactive-deployment-2.16.2.Final.jar (14/17 kB)Progress (1): quarkus-hibernate-reactive-deployment-2.16.2.Final.jar (16/17 kB)Progress (1): quarkus-hibernate-reactive-deployment-2.16.2.Final.jar (17 kB)                                                                               Downloaded from central: https://repo.maven.apache.org/maven2/io/quarkus/quarkus-hibernate-reactive-deployment/2.16.2.Final/quarkus-hibernate-reactive-deployment-2.16.2.Final.jar (17 kB at 295 kB/s)
Downloading from central: https://repo.maven.apache.org/maven2/io/quarkus/quarkus-hibernate-reactive-panache-common-deployment/2.16.2.Final/quarkus-hibernate-reactive-panache-common-deployment-2.16.2.Final.jar
Progress (1): quarkus-hibernate-reactive-panache-common-deployment-2.16.2.Final.jar (2.7/8.6 kB)Progress (1): quarkus-hibernate-reactive-panache-common-deployment-2.16.2.Final.jar (5.5/8.6 kB)Progress (1): quarkus-hibernate-reactive-panache-common-deployment-2.16.2.Final.jar (8.2/8.6 kB)Progress (1): quarkus-hibernate-reactive-panache-common-deployment-2.16.2.Final.jar (8.6 kB)                                                                                                Downloaded from central: https://repo.maven.apache.org/maven2/io/quarkus/quarkus-hibernate-reactive-panache-common-deployment/2.16.2.Final/quarkus-hibernate-reactive-panache-common-deployment-2.16.2.Final.jar (8.6 kB at 196 kB/s)
Downloading from central: https://repo.maven.apache.org/maven2/io/quarkus/quarkus-hibernate-reactive-panache-deployment/2.16.2.Final/quarkus-hibernate-reactive-panache-deployment-2.16.2.Final.jar
Progress (1): quarkus-hibernate-reactive-panache-deployment-2.16.2.Final.jar (4.1/13 kB)Progress (1): quarkus-hibernate-reactive-panache-deployment-2.16.2.Final.jar (8.2/13 kB)Progress (1): quarkus-hibernate-reactive-panache-deployment-2.16.2.Final.jar (12/13 kB) Progress (1): quarkus-hibernate-reactive-panache-deployment-2.16.2.Final.jar (13 kB)                                                                                       Downloaded from central: https://repo.maven.apache.org/maven2/io/quarkus/quarkus-hibernate-reactive-panache-deployment/2.16.2.Final/quarkus-hibernate-reactive-panache-deployment-2.16.2.Final.jar (13 kB at 279 kB/s)
Downloading from central: https://repo.maven.apache.org/maven2/io/quarkus/quarkus-reactive-datasource-deployment/2.16.2.Final/quarkus-reactive-datasource-deployment-2.16.2.Final.jar
Progress (1): quarkus-reactive-datasource-deployment-2.16.2.Final.jar (4.1/5.4 kB)Progress (1): quarkus-reactive-datasource-deployment-2.16.2.Final.jar (5.4 kB)                                                                                  Downloaded from central: https://repo.maven.apache.org/maven2/io/quarkus/quarkus-reactive-datasource-deployment/2.16.2.Final/quarkus-reactive-datasource-deployment-2.16.2.Final.jar (5.4 kB at 133 kB/s)
Downloading from central: https://repo.maven.apache.org/maven2/io/quarkus/quarkus-reactive-pg-client-deployment/2.16.2.Final/quarkus-reactive-pg-client-deployment-2.16.2.Final.jar
Progress (1): quarkus-reactive-pg-client-deployment-2.16.2.Final.jar (4.1/11 kB)Progress (1): quarkus-reactive-pg-client-deployment-2.16.2.Final.jar (8.2/11 kB)Progress (1): quarkus-reactive-pg-client-deployment-2.16.2.Final.jar (11 kB)                                                                                Downloaded from central: https://repo.maven.apache.org/maven2/io/quarkus/quarkus-reactive-pg-client-deployment/2.16.2.Final/quarkus-reactive-pg-client-deployment-2.16.2.Final.jar (11 kB at 251 kB/s)
2023-02-13 14:21:17,380 INFO  [org.tes.doc.DockerClientProviderStrategy] (build-26) Loaded org.testcontainers.dockerclient.UnixSocketClientProviderStrategy from ~/.testcontainers.properties, will try it first
2023-02-13 14:21:17,600 INFO  [org.tes.doc.DockerClientProviderStrategy] (build-26) Found Docker environment with local Unix socket (unix:///var/run/docker.sock)
2023-02-13 14:21:17,601 INFO  [org.tes.DockerClientFactory] (build-26) Docker host IP address is localhost
2023-02-13 14:21:17,625 INFO  [org.tes.DockerClientFactory] (build-26) Connected to docker: 
  Server Version: 20.10.21
  API Version: 1.41
  Operating System: Docker Desktop
  Total Memory: 19987 MB
2023-02-13 14:21:17,631 INFO  [org.tes.uti.ImageNameSubstitutor] (build-26) Image name substitution will be performed by: DefaultImageNameSubstitutor (composite of 'ConfigurationFileImageNameSubstitutor' and 'PrefixingImageNameSubstitutor')
2023-02-13 14:21:17,632 INFO  [org.tes.DockerClientFactory] (build-26) Checking the system...
2023-02-13 14:21:17,632 INFO  [org.tes.DockerClientFactory] (build-26) ✔︎ Docker server version should be at least 1.6.0
2023-02-13 14:21:17,670 INFO  [🐳 .io/postgres:14]] (build-26) Creating container for image: docker.io/postgres:14
2023-02-13 14:21:18,080 INFO  [org.tes.uti.RegistryAuthLocator] (build-26) Credential helper/store (docker-credential-desktop) does not have credentials for docker.io
2023-02-13 14:21:18,085 WARN  [🐳 .io/postgres:14]] (build-26) Reuse was requested but the environment does not support the reuse of containers
To enable reuse of containers, you must set 'testcontainers.reuse.enable=true' in a file located at /Users/andreas.hansen/.testcontainers.properties
2023-02-13 14:21:18,086 INFO  [🐳 .3.4]] (build-26) Creating container for image: testcontainers/ryuk:0.3.4
2023-02-13 14:21:18,346 INFO  [🐳 .3.4]] (build-26) Container testcontainers/ryuk:0.3.4 is starting: 5e7cac3765774c31ed65d792b2fcfc0b41b3a5abeb5ca5ef2499a3d28274602b
2023-02-13 14:21:18,574 INFO  [🐳 .3.4]] (build-26) Container testcontainers/ryuk:0.3.4 started in PT0.488134S
2023-02-13 14:21:18,596 INFO  [🐳 .io/postgres:14]] (build-26) Container docker.io/postgres:14 is starting: 044c68b1d500884b0ae7267dbabbf18089e2a82245d886500c9be9541c023de0
2023-02-13 14:21:19,538 INFO  [🐳 .io/postgres:14]] (build-26) Container docker.io/postgres:14 started in PT1.90148S
2023-02-13 14:21:19,538 INFO  [io.qua.dev.pos.dep.PostgresqlDevServicesProcessor] (build-26) Dev Services for PostgreSQL started.
2023-02-13 14:21:19,540 INFO  [io.qua.dat.dep.dev.DevServicesDatasourceProcessor] (build-26) Dev Services for the default datasource (postgresql) started - container ID is 044c68b1d500
2023-02-13 14:21:20,087 INFO  [org.hib.rea.pro.imp.ReactiveIntegrator] (JPA Startup Thread) HR000001: Hibernate Reactive
Hibernate: 
    drop table if exists Fruit cascade
2023-02-13 14:21:20,242 WARN  [io.ver.sql.imp.SocketConnectionBase] (vert.x-eventloop-thread-0) Backend notice: severity='NOTICE', code='00000', message='table "fruit" does not exist, skipping', detail='null', hint='null', position='null', internalPosition='null', internalQuery='null', where='null', file='tablecmds.c', line='1272', routine='DropErrorMsgNonExistent', schema='null', table='null', column='null', dataType='null', constraint='null'
Hibernate: 
    drop sequence if exists hibernate_sequence
2023-02-13 14:21:20,245 WARN  [io.ver.sql.imp.SocketConnectionBase] (vert.x-eventloop-thread-0) Backend notice: severity='NOTICE', code='00000', message='sequence "hibernate_sequence" does not exist, skipping', detail='null', hint='null', position='null', internalPosition='null', internalQuery='null', where='null', file='tablecmds.c', line='1272', routine='DropErrorMsgNonExistent', schema='null', table='null', column='null', dataType='null', constraint='null'
Hibernate: 
    drop table if exists Fruit cascade
2023-02-13 14:21:20,260 WARN  [io.ver.sql.imp.SocketConnectionBase] (vert.x-eventloop-thread-0) Backend notice: severity='NOTICE', code='00000', message='table "fruit" does not exist, skipping', detail='null', hint='null', position='null', internalPosition='null', internalQuery='null', where='null', file='tablecmds.c', line='1272', routine='DropErrorMsgNonExistent', schema='null', table='null', column='null', dataType='null', constraint='null'
Hibernate: 
    drop sequence if exists hibernate_sequence
2023-02-13 14:21:20,263 WARN  [io.ver.sql.imp.SocketConnectionBase] (vert.x-eventloop-thread-0) Backend notice: severity='NOTICE', code='00000', message='sequence "hibernate_sequence" does not exist, skipping', detail='null', hint='null', position='null', internalPosition='null', internalQuery='null', where='null', file='tablecmds.c', line='1272', routine='DropErrorMsgNonExistent', schema='null', table='null', column='null', dataType='null', constraint='null'
Hibernate: 
    create sequence hibernate_sequence start 1 increment 1
Hibernate: 
    create table Fruit (
       id int8 not null,
        name varchar(40),
        primary key (id)
    )
Hibernate: 
    alter table if exists Fruit 
       add constraint UK_qn1mp5t3oovyl0h02glapi2iv unique (name)
Hibernate: 
    INSERT 
    INTO
        fruit
        (id, name) 
    VALUES
        (nextval('hibernate_sequence'), 'Cherry')
Hibernate: 
    INSERT 
    INTO
        fruit
        (id, name) 
    VALUES
        (nextval('hibernate_sequence'), 'Apple')
Hibernate: 
    INSERT 
    INTO
        fruit
        (id, name) 
    VALUES
        (nextval('hibernate_sequence'), 'Banana')
2023-02-13 14:21:20,304 INFO  [io.quarkus] (main) hibernate-reactive-panache-quickstart 1.0.0-SNAPSHOT on JVM (powered by Quarkus 2.16.2.Final) started in 3.535s. Listening on: http://localhost:8081
2023-02-13 14:21:20,304 INFO  [io.quarkus] (main) Profile test activated. 
2023-02-13 14:21:20,305 INFO  [io.quarkus] (main) Installed features: [cdi, hibernate-orm, hibernate-reactive, hibernate-reactive-panache, reactive-pg-client, resteasy-reactive, resteasy-reactive-jackson, smallrye-context-propagation, vertx]
Hibernate: 
    select
        fruit0_.id as id1_0_0_,
        fruit0_.name as name2_0_0_ 
    from
        Fruit fruit0_ 
    where
        fruit0_.id=$1
]]></system-out>
  </testcase>
  <testcase name="testEntityNotFoundForUpdate" classname="org.acme.hibernate.orm.panache.FruitsEndpointTest" time="0.074">
    <system-out><![CDATA[Hibernate: 
    select
        fruit0_.id as id1_0_0_,
        fruit0_.name as name2_0_0_ 
    from
        Fruit fruit0_ 
    where
        fruit0_.id=$1
]]></system-out>
  </testcase>
  <testcase name="testListAllFruits" classname="org.acme.hibernate.orm.panache.FruitsEndpointTest" time="0.434">
    <system-out><![CDATA[Hibernate: 
    select
        fruit0_.id as id1_0_,
        fruit0_.name as name2_0_ 
    from
        Fruit fruit0_ 
    order by
        fruit0_.name
Hibernate: 
    update
        Fruit 
    set
        name=$1 
    where
        id=$2
Hibernate: 
    select
        fruit0_.id as id1_0_,
        fruit0_.name as name2_0_ 
    from
        Fruit fruit0_ 
    order by
        fruit0_.name
Hibernate: 
    select
        fruit0_.id as id1_0_0_,
        fruit0_.name as name2_0_0_ 
    from
        Fruit fruit0_ 
    where
        fruit0_.id=$1
Hibernate: 
    delete 
    from
        Fruit 
    where
        id=$1
Hibernate: 
    select
        fruit0_.id as id1_0_,
        fruit0_.name as name2_0_ 
    from
        Fruit fruit0_ 
    order by
        fruit0_.name
Hibernate: 
    select
        nextval ('hibernate_sequence')
Hibernate: 
    insert 
    into
        Fruit
        (name, id) 
    values
        ($1, $2)
Hibernate: 
    select
        fruit0_.id as id1_0_,
        fruit0_.name as name2_0_ 
    from
        Fruit fruit0_ 
    order by
        fruit0_.name
]]></system-out>
  </testcase>
</testsuite>