<?xml version="1.0" encoding="UTF-8"?>
<testsuite xmlns:xsi="http://www.w3.org/2001/XMLSchema-instance" xsi:noNamespaceSchemaLocation="https://maven.apache.org/surefire/maven-surefire-plugin/xsd/surefire-test-report-3.0.xsd" version="3.0" name="org.acme.hibernate.orm.panache.TicketResourceTest" time="0.727" tests="2" errors="0" skipped="0" failures="1">
  <properties>
    <property name="java.specification.version" value="19"/>
    <property name="sun.jnu.encoding" value="UTF-8"/>
    <property name="java.class.path" value="/Users/andreas.hansen/dev/quarkus/orm/target/test-classes:/Users/andreas.hansen/dev/quarkus/orm/target/classes:/Users/andreas.hansen/.m2/repository/io/quarkus/quarkus-hibernate-orm-panache/2.16.2.Final/quarkus-hibernate-orm-panache-2.16.2.Final.jar:/Users/andreas.hansen/.m2/repository/io/quarkus/quarkus-hibernate-orm/2.16.2.Final/quarkus-hibernate-orm-2.16.2.Final.jar:/Users/andreas.hansen/.m2/repository/io/quarkus/quarkus-agroal/2.16.2.Final/quarkus-agroal-2.16.2.Final.jar:/Users/andreas.hansen/.m2/repository/io/quarkus/quarkus-datasource/2.16.2.Final/quarkus-datasource-2.16.2.Final.jar:/Users/andreas.hansen/.m2/repository/io/quarkus/quarkus-datasource-common/2.16.2.Final/quarkus-datasource-common-2.16.2.Final.jar:/Users/andreas.hansen/.m2/repository/io/agroal/agroal-api/1.16/agroal-api-1.16.jar:/Users/andreas.hansen/.m2/repository/io/agroal/agroal-narayana/1.16/agroal-narayana-1.16.jar:/Users/andreas.hansen/.m2/repository/org/jboss/jboss-transaction-spi/7.6.0.Final/jboss-transaction-spi-7.6.0.Final.jar:/Users/andreas.hansen/.m2/repository/io/agroal/agroal-pool/1.16/agroal-pool-1.16.jar:/Users/andreas.hansen/.m2/repository/io/quarkus/quarkus-narayana-jta/2.16.2.Final/quarkus-narayana-jta-2.16.2.Final.jar:/Users/andreas.hansen/.m2/repository/io/quarkus/quarkus-transaction-annotations/2.16.2.Final/quarkus-transaction-annotations-2.16.2.Final.jar:/Users/andreas.hansen/.m2/repository/io/smallrye/smallrye-context-propagation-jta/1.2.2/smallrye-context-propagation-jta-1.2.2.jar:/Users/andreas.hansen/.m2/repository/io/smallrye/reactive/smallrye-reactive-converter-mutiny/2.7.0/smallrye-reactive-converter-mutiny-2.7.0.jar:/Users/andreas.hansen/.m2/repository/org/jboss/narayana/jta/narayana-jta/5.13.1.Final/narayana-jta-5.13.1.Final.jar:/Users/andreas.hansen/.m2/repository/org/jboss/spec/javax/resource/jboss-connector-api_1.7_spec/1.0.0.Final/jboss-connector-api_1.7_spec-1.0.0.Final.jar:/Users/andreas.hansen/.m2/repository/org/jboss/narayana/jts/narayana-jts-integration/5.13.1.Final/narayana-jts-integration-5.13.1.Final.jar:/Users/andreas.hansen/.m2/repository/org/hibernate/hibernate-core/5.6.15.Final/hibernate-core-5.6.15.Final.jar:/Users/andreas.hansen/.m2/repository/net/bytebuddy/byte-buddy/1.12.18/byte-buddy-1.12.18.jar:/Users/andreas.hansen/.m2/repository/antlr/antlr/2.7.7/antlr-2.7.7.jar:/Users/andreas.hansen/.m2/repository/com/fasterxml/classmate/1.5.1/classmate-1.5.1.jar:/Users/andreas.hansen/.m2/repository/org/hibernate/common/hibernate-commons-annotations/5.1.2.Final/hibernate-commons-annotations-5.1.2.Final.jar:/Users/andreas.hansen/.m2/repository/org/hibernate/hibernate-graalvm/5.6.15.Final/hibernate-graalvm-5.6.15.Final.jar:/Users/andreas.hansen/.m2/repository/org/glassfish/jaxb/jaxb-runtime/2.3.3-b02/jaxb-runtime-2.3.3-b02.jar:/Users/andreas.hansen/.m2/repository/org/glassfish/jaxb/txw2/2.3.3-b02/txw2-2.3.3-b02.jar:/Users/andreas.hansen/.m2/repository/com/sun/istack/istack-commons-runtime/3.0.10/istack-commons-runtime-3.0.10.jar:/Users/andreas.hansen/.m2/repository/com/sun/activation/jakarta.activation/1.2.1/jakarta.activation-1.2.1.jar:/Users/andreas.hansen/.m2/repository/org/jboss/spec/javax/xml/bind/jboss-jaxb-api_2.3_spec/2.0.0.Final/jboss-jaxb-api_2.3_spec-2.0.0.Final.jar:/Users/andreas.hansen/.m2/repository/jakarta/persistence/jakarta.persistence-api/2.2.3/jakarta.persistence-api-2.2.3.jar:/Users/andreas.hansen/.m2/repository/jakarta/transaction/jakarta.transaction-api/1.3.3/jakarta.transaction-api-1.3.3.jar:/Users/andreas.hansen/.m2/repository/org/hibernate/quarkus-local-cache/0.1.1/quarkus-local-cache-0.1.1.jar:/Users/andreas.hansen/.m2/repository/io/quarkus/quarkus-caffeine/2.16.2.Final/quarkus-caffeine-2.16.2.Final.jar:/Users/andreas.hansen/.m2/repository/com/github/ben-manes/caffeine/caffeine/3.1.1/caffeine-3.1.1.jar:/Users/andreas.hansen/.m2/repository/com/google/errorprone/error_prone_annotations/2.17.0/error_prone_annotations-2.17.0.jar:/Users/andreas.hansen/.m2/repository/io/quarkus/quarkus-hibernate-orm-panache-common/2.16.2.Final/quarkus-hibernate-orm-panache-common-2.16.2.Final.jar:/Users/andreas.hansen/.m2/repository/io/quarkus/quarkus-panache-hibernate-common/2.16.2.Final/quarkus-panache-hibernate-common-2.16.2.Final.jar:/Users/andreas.hansen/.m2/repository/io/quarkus/quarkus-arc/2.16.2.Final/quarkus-arc-2.16.2.Final.jar:/Users/andreas.hansen/.m2/repository/io/quarkus/arc/arc/2.16.2.Final/arc-2.16.2.Final.jar:/Users/andreas.hansen/.m2/repository/org/eclipse/microprofile/context-propagation/microprofile-context-propagation-api/1.2/microprofile-context-propagation-api-1.2.jar:/Users/andreas.hansen/.m2/repository/io/quarkus/quarkus-panache-common/2.16.2.Final/quarkus-panache-common-2.16.2.Final.jar:/Users/andreas.hansen/.m2/repository/io/quarkus/quarkus-jdbc-postgresql/2.16.2.Final/quarkus-jdbc-postgresql-2.16.2.Final.jar:/Users/andreas.hansen/.m2/repository/org/postgresql/postgresql/42.5.3/postgresql-42.5.3.jar:/Users/andreas.hansen/.m2/repository/io/quarkus/quarkus-resteasy-reactive/2.16.2.Final/quarkus-resteasy-reactive-2.16.2.Final.jar:/Users/andreas.hansen/.m2/repository/io/quarkus/quarkus-resteasy-reactive-common/2.16.2.Final/quarkus-resteasy-reactive-common-2.16.2.Final.jar:/Users/andreas.hansen/.m2/repository/io/quarkus/resteasy/reactive/resteasy-reactive-common/2.16.2.Final/resteasy-reactive-common-2.16.2.Final.jar:/Users/andreas.hansen/.m2/repository/io/quarkus/resteasy/reactive/resteasy-reactive-common-types/2.16.2.Final/resteasy-reactive-common-types-2.16.2.Final.jar:/Users/andreas.hansen/.m2/repository/io/quarkus/quarkus-mutiny/2.16.2.Final/quarkus-mutiny-2.16.2.Final.jar:/Users/andreas.hansen/.m2/repository/io/quarkus/resteasy/reactive/resteasy-reactive-vertx/2.16.2.Final/resteasy-reactive-vertx-2.16.2.Final.jar:/Users/andreas.hansen/.m2/repository/io/vertx/vertx-web/4.3.7/vertx-web-4.3.7.jar:/Users/andreas.hansen/.m2/repository/io/vertx/vertx-web-common/4.3.7/vertx-web-common-4.3.7.jar:/Users/andreas.hansen/.m2/repository/io/vertx/vertx-auth-common/4.3.7/vertx-auth-common-4.3.7.jar:/Users/andreas.hansen/.m2/repository/io/vertx/vertx-bridge-common/4.3.7/vertx-bridge-common-4.3.7.jar:/Users/andreas.hansen/.m2/repository/io/vertx/vertx-core/4.3.7/vertx-core-4.3.7.jar:/Users/andreas.hansen/.m2/repository/io/netty/netty-common/4.1.86.Final/netty-common-4.1.86.Final.jar:/Users/andreas.hansen/.m2/repository/io/netty/netty-handler-proxy/4.1.86.Final/netty-handler-proxy-4.1.86.Final.jar:/Users/andreas.hansen/.m2/repository/io/netty/netty-codec-socks/4.1.86.Final/netty-codec-socks-4.1.86.Final.jar:/Users/andreas.hansen/.m2/repository/io/netty/netty-resolver/4.1.86.Final/netty-resolver-4.1.86.Final.jar:/Users/andreas.hansen/.m2/repository/io/netty/netty-resolver-dns/4.1.86.Final/netty-resolver-dns-4.1.86.Final.jar:/Users/andreas.hansen/.m2/repository/io/netty/netty-codec-dns/4.1.86.Final/netty-codec-dns-4.1.86.Final.jar:/Users/andreas.hansen/.m2/repository/io/smallrye/reactive/smallrye-mutiny-vertx-core/2.30.1/smallrye-mutiny-vertx-core-2.30.1.jar:/Users/andreas.hansen/.m2/repository/io/smallrye/reactive/smallrye-mutiny-vertx-runtime/2.30.1/smallrye-mutiny-vertx-runtime-2.30.1.jar:/Users/andreas.hansen/.m2/repository/io/smallrye/reactive/vertx-mutiny-generator/2.30.1/vertx-mutiny-generator-2.30.1.jar:/Users/andreas.hansen/.m2/repository/io/vertx/vertx-codegen/4.3.7/vertx-codegen-4.3.7.jar:/Users/andreas.hansen/.m2/repository/io/quarkus/resteasy/reactive/resteasy-reactive/2.16.2.Final/resteasy-reactive-2.16.2.Final.jar:/Users/andreas.hansen/.m2/repository/org/jboss/spec/javax/ws/rs/jboss-jaxrs-api_2.1_spec/2.0.1.Final/jboss-jaxrs-api_2.1_spec-2.0.1.Final.jar:/Users/andreas.hansen/.m2/repository/org/jboss/logging/commons-logging-jboss-logging/1.0.0.Final/commons-logging-jboss-logging-1.0.0.Final.jar:/Users/andreas.hansen/.m2/repository/org/jboss/logging/jboss-logging/3.5.0.Final/jboss-logging-3.5.0.Final.jar:/Users/andreas.hansen/.m2/repository/io/quarkus/quarkus-vertx-http/2.16.2.Final/quarkus-vertx-http-2.16.2.Final.jar:/Users/andreas.hansen/.m2/repository/io/quarkus/quarkus-security-runtime-spi/2.16.2.Final/quarkus-security-runtime-spi-2.16.2.Final.jar:/Users/andreas.hansen/.m2/repository/io/smallrye/common/smallrye-common-vertx-context/1.13.2/smallrye-common-vertx-context-1.13.2.jar:/Users/andreas.hansen/.m2/repository/io/quarkus/quarkus-vertx-http-dev-console-runtime-spi/2.16.2.Final/quarkus-vertx-http-dev-console-runtime-spi-2.16.2.Final.jar:/Users/andreas.hansen/.m2/repository/io/quarkus/security/quarkus-security/1.1.4.Final/quarkus-security-1.1.4.Final.jar:/Users/andreas.hansen/.m2/repository/io/smallrye/reactive/smallrye-mutiny-vertx-web/2.30.1/smallrye-mutiny-vertx-web-2.30.1.jar:/Users/andreas.hansen/.m2/repository/io/smallrye/reactive/smallrye-mutiny-vertx-web-common/2.30.1/smallrye-mutiny-vertx-web-common-2.30.1.jar:/Users/andreas.hansen/.m2/repository/io/smallrye/reactive/smallrye-mutiny-vertx-auth-common/2.30.1/smallrye-mutiny-vertx-auth-common-2.30.1.jar:/Users/andreas.hansen/.m2/repository/io/smallrye/reactive/smallrye-mutiny-vertx-bridge-common/2.30.1/smallrye-mutiny-vertx-bridge-common-2.30.1.jar:/Users/andreas.hansen/.m2/repository/io/smallrye/reactive/smallrye-mutiny-vertx-uri-template/2.30.1/smallrye-mutiny-vertx-uri-template-2.30.1.jar:/Users/andreas.hansen/.m2/repository/io/vertx/vertx-uri-template/4.3.7/vertx-uri-template-4.3.7.jar:/Users/andreas.hansen/.m2/repository/io/github/crac/org-crac/0.1.3/org-crac-0.1.3.jar:/Users/andreas.hansen/.m2/repository/io/quarkus/quarkus-jsonp/2.16.2.Final/quarkus-jsonp-2.16.2.Final.jar:/Users/andreas.hansen/.m2/repository/org/glassfish/jakarta.json/1.1.6/jakarta.json-1.1.6.jar:/Users/andreas.hansen/.m2/repository/io/quarkus/quarkus-resteasy-reactive-jackson/2.16.2.Final/quarkus-resteasy-reactive-jackson-2.16.2.Final.jar:/Users/andreas.hansen/.m2/repository/io/quarkus/quarkus-resteasy-reactive-jackson-common/2.16.2.Final/quarkus-resteasy-reactive-jackson-common-2.16.2.Final.jar:/Users/andreas.hansen/.m2/repository/io/quarkus/resteasy/reactive/resteasy-reactive-jackson/2.16.2.Final/resteasy-reactive-jackson-2.16.2.Final.jar:/Users/andreas.hansen/.m2/repository/org/projectlombok/lombok/1.18.26/lombok-1.18.26.jar:/Users/andreas.hansen/.m2/repository/io/quarkus/quarkus-config-yaml/2.16.2.Final/quarkus-config-yaml-2.16.2.Final.jar:/Users/andreas.hansen/.m2/repository/io/smallrye/config/smallrye-config-source-yaml/2.13.2/smallrye-config-source-yaml-2.13.2.jar:/Users/andreas.hansen/.m2/repository/org/yaml/snakeyaml/1.33/snakeyaml-1.33.jar:/Users/andreas.hansen/.m2/repository/io/smallrye/config/smallrye-config-common/2.13.2/smallrye-config-common-2.13.2.jar:/Users/andreas.hansen/.m2/repository/io/smallrye/common/smallrye-common-classloader/1.13.2/smallrye-common-classloader-1.13.2.jar:/Users/andreas.hansen/.m2/repository/io/smallrye/config/smallrye-config/2.13.2/smallrye-config-2.13.2.jar:/Users/andreas.hansen/.m2/repository/io/smallrye/config/smallrye-config-core/2.13.2/smallrye-config-core-2.13.2.jar:/Users/andreas.hansen/.m2/repository/io/smallrye/common/smallrye-common-expression/1.13.2/smallrye-common-expression-1.13.2.jar:/Users/andreas.hansen/.m2/repository/io/smallrye/common/smallrye-common-function/1.13.2/smallrye-common-function-1.13.2.jar:/Users/andreas.hansen/.m2/repository/io/smallrye/common/smallrye-common-constraint/1.13.2/smallrye-common-constraint-1.13.2.jar:/Users/andreas.hansen/.m2/repository/io/quarkus/quarkus-core/2.16.2.Final/quarkus-core-2.16.2.Final.jar:/Users/andreas.hansen/.m2/repository/jakarta/inject/jakarta.inject-api/1.0/jakarta.inject-api-1.0.jar:/Users/andreas.hansen/.m2/repository/io/quarkus/quarkus-ide-launcher/2.16.2.Final/quarkus-ide-launcher-2.16.2.Final.jar:/Users/andreas.hansen/.m2/repository/io/quarkus/quarkus-development-mode-spi/2.16.2.Final/quarkus-development-mode-spi-2.16.2.Final.jar:/Users/andreas.hansen/.m2/repository/org/jboss/logmanager/jboss-logmanager-embedded/1.0.11/jboss-logmanager-embedded-1.0.11.jar:/Users/andreas.hansen/.m2/repository/org/jboss/logging/jboss-logging-annotations/2.2.1.Final/jboss-logging-annotations-2.2.1.Final.jar:/Users/andreas.hansen/.m2/repository/org/jboss/threads/jboss-threads/3.4.3.Final/jboss-threads-3.4.3.Final.jar:/Users/andreas.hansen/.m2/repository/org/slf4j/slf4j-api/1.7.36/slf4j-api-1.7.36.jar:/Users/andreas.hansen/.m2/repository/org/jboss/slf4j/slf4j-jboss-logmanager/1.2.0.Final/slf4j-jboss-logmanager-1.2.0.Final.jar:/Users/andreas.hansen/.m2/repository/org/graalvm/sdk/graal-sdk/22.3.0/graal-sdk-22.3.0.jar:/Users/andreas.hansen/.m2/repository/org/wildfly/common/wildfly-common/1.5.4.Final-format-001/wildfly-common-1.5.4.Final-format-001.jar:/Users/andreas.hansen/.m2/repository/io/quarkus/quarkus-bootstrap-runner/2.16.2.Final/quarkus-bootstrap-runner-2.16.2.Final.jar:/Users/andreas.hansen/.m2/repository/io/quarkus/quarkus-fs-util/0.0.9/quarkus-fs-util-0.0.9.jar:/Users/andreas.hansen/.m2/repository/org/eclipse/microprofile/config/microprofile-config-api/2.0.1/microprofile-config-api-2.0.1.jar:/Users/andreas.hansen/.m2/repository/io/quarkus/quarkus-smallrye-reactive-messaging-rabbitmq/2.16.2.Final/quarkus-smallrye-reactive-messaging-rabbitmq-2.16.2.Final.jar:/Users/andreas.hansen/.m2/repository/io/smallrye/reactive/smallrye-reactive-messaging-rabbitmq/3.22.1/smallrye-reactive-messaging-rabbitmq-3.22.1.jar:/Users/andreas.hansen/.m2/repository/io/smallrye/reactive/smallrye-mutiny-vertx-rabbitmq-client/2.30.1/smallrye-mutiny-vertx-rabbitmq-client-2.30.1.jar:/Users/andreas.hansen/.m2/repository/io/vertx/vertx-rabbitmq-client/4.3.7/vertx-rabbitmq-client-4.3.7.jar:/Users/andreas.hansen/.m2/repository/com/rabbitmq/amqp-client/5.10.0/amqp-client-5.10.0.jar:/Users/andreas.hansen/.m2/repository/io/opentelemetry/opentelemetry-api/1.21.0/opentelemetry-api-1.21.0.jar:/Users/andreas.hansen/.m2/repository/io/opentelemetry/opentelemetry-context/1.21.0/opentelemetry-context-1.21.0.jar:/Users/andreas.hansen/.m2/repository/io/opentelemetry/opentelemetry-semconv/1.21.0-alpha/opentelemetry-semconv-1.21.0-alpha.jar:/Users/andreas.hansen/.m2/repository/io/smallrye/reactive/smallrye-reactive-converter-api/2.7.0/smallrye-reactive-converter-api-2.7.0.jar:/Users/andreas.hansen/.m2/repository/org/reactivestreams/reactive-streams/1.0.3/reactive-streams-1.0.3.jar:/Users/andreas.hansen/.m2/repository/io/smallrye/reactive/mutiny/1.9.0/mutiny-1.9.0.jar:/Users/andreas.hansen/.m2/repository/io/quarkus/quarkus-mutiny-reactive-streams-operators/2.16.2.Final/quarkus-mutiny-reactive-streams-operators-2.16.2.Final.jar:/Users/andreas.hansen/.m2/repository/org/eclipse/microprofile/reactive-streams-operators/microprofile-reactive-streams-operators-api/1.0.1/microprofile-reactive-streams-operators-api-1.0.1.jar:/Users/andreas.hansen/.m2/repository/org/eclipse/microprofile/reactive-streams-operators/microprofile-reactive-streams-operators-core/1.0.1/microprofile-reactive-streams-operators-core-1.0.1.jar:/Users/andreas.hansen/.m2/repository/io/smallrye/reactive/mutiny-reactive-streams-operators/1.9.0/mutiny-reactive-streams-operators-1.9.0.jar:/Users/andreas.hansen/.m2/repository/io/smallrye/reactive/mutiny-smallrye-context-propagation/1.9.0/mutiny-smallrye-context-propagation-1.9.0.jar:/Users/andreas.hansen/.m2/repository/io/smallrye/smallrye-context-propagation/1.2.2/smallrye-context-propagation-1.2.2.jar:/Users/andreas.hansen/.m2/repository/io/smallrye/smallrye-context-propagation-api/1.2.2/smallrye-context-propagation-api-1.2.2.jar:/Users/andreas.hansen/.m2/repository/io/smallrye/smallrye-context-propagation-storage/1.2.2/smallrye-context-propagation-storage-1.2.2.jar:/Users/andreas.hansen/.m2/repository/io/quarkus/quarkus-smallrye-context-propagation/2.16.2.Final/quarkus-smallrye-context-propagation-2.16.2.Final.jar:/Users/andreas.hansen/.m2/repository/io/quarkus/quarkus-smallrye-reactive-messaging/2.16.2.Final/quarkus-smallrye-reactive-messaging-2.16.2.Final.jar:/Users/andreas.hansen/.m2/repository/io/quarkus/quarkus-smallrye-reactive-messaging-kotlin/2.16.2.Final/quarkus-smallrye-reactive-messaging-kotlin-2.16.2.Final.jar:/Users/andreas.hansen/.m2/repository/io/smallrye/common/smallrye-common-annotation/1.13.2/smallrye-common-annotation-1.13.2.jar:/Users/andreas.hansen/.m2/repository/io/smallrye/reactive/smallrye-reactive-messaging-health/3.22.1/smallrye-reactive-messaging-health-3.22.1.jar:/Users/andreas.hansen/.m2/repository/org/eclipse/microprofile/health/microprofile-health-api/3.1/microprofile-health-api-3.1.jar:/Users/andreas.hansen/.m2/repository/io/quarkus/quarkus-vertx/2.16.2.Final/quarkus-vertx-2.16.2.Final.jar:/Users/andreas.hansen/.m2/repository/io/quarkus/quarkus-netty/2.16.2.Final/quarkus-netty-2.16.2.Final.jar:/Users/andreas.hansen/.m2/repository/io/netty/netty-codec/4.1.86.Final/netty-codec-4.1.86.Final.jar:/Users/andreas.hansen/.m2/repository/io/netty/netty-codec-http/4.1.86.Final/netty-codec-http-4.1.86.Final.jar:/Users/andreas.hansen/.m2/repository/io/netty/netty-codec-http2/4.1.86.Final/netty-codec-http2-4.1.86.Final.jar:/Users/andreas.hansen/.m2/repository/io/netty/netty-handler/4.1.86.Final/netty-handler-4.1.86.Final.jar:/Users/andreas.hansen/.m2/repository/io/netty/netty-transport-native-unix-common/4.1.86.Final/netty-transport-native-unix-common-4.1.86.Final.jar:/Users/andreas.hansen/.m2/repository/com/aayushatharva/brotli4j/brotli4j/1.8.0/brotli4j-1.8.0.jar:/Users/andreas.hansen/.m2/repository/com/aayushatharva/brotli4j/native-osx-aarch64/1.8.0/native-osx-aarch64-1.8.0.jar:/Users/andreas.hansen/.m2/repository/io/netty/netty-codec-haproxy/4.1.86.Final/netty-codec-haproxy-4.1.86.Final.jar:/Users/andreas.hansen/.m2/repository/io/netty/netty-buffer/4.1.86.Final/netty-buffer-4.1.86.Final.jar:/Users/andreas.hansen/.m2/repository/io/netty/netty-transport/4.1.86.Final/netty-transport-4.1.86.Final.jar:/Users/andreas.hansen/.m2/repository/io/quarkus/quarkus-vertx-latebound-mdc-provider/2.16.2.Final/quarkus-vertx-latebound-mdc-provider-2.16.2.Final.jar:/Users/andreas.hansen/.m2/repository/io/smallrye/smallrye-fault-tolerance-vertx/5.6.0/smallrye-fault-tolerance-vertx-5.6.0.jar:/Users/andreas.hansen/.m2/repository/io/quarkus/quarkus-credentials/2.16.2.Final/quarkus-credentials-2.16.2.Final.jar:/Users/andreas.hansen/.m2/repository/io/quarkus/quarkus-jackson/2.16.2.Final/quarkus-jackson-2.16.2.Final.jar:/Users/andreas.hansen/.m2/repository/com/fasterxml/jackson/core/jackson-databind/2.14.2/jackson-databind-2.14.2.jar:/Users/andreas.hansen/.m2/repository/com/fasterxml/jackson/core/jackson-annotations/2.14.2/jackson-annotations-2.14.2.jar:/Users/andreas.hansen/.m2/repository/com/fasterxml/jackson/core/jackson-core/2.14.2/jackson-core-2.14.2.jar:/Users/andreas.hansen/.m2/repository/com/fasterxml/jackson/datatype/jackson-datatype-jsr310/2.14.2/jackson-datatype-jsr310-2.14.2.jar:/Users/andreas.hansen/.m2/repository/com/fasterxml/jackson/datatype/jackson-datatype-jdk8/2.14.2/jackson-datatype-jdk8-2.14.2.jar:/Users/andreas.hansen/.m2/repository/com/fasterxml/jackson/module/jackson-module-parameter-names/2.14.2/jackson-module-parameter-names-2.14.2.jar:/Users/andreas.hansen/.m2/repository/io/smallrye/reactive/smallrye-reactive-messaging-provider/3.22.1/smallrye-reactive-messaging-provider-3.22.1.jar:/Users/andreas.hansen/.m2/repository/io/smallrye/reactive/smallrye-reactive-messaging-api/3.22.1/smallrye-reactive-messaging-api-3.22.1.jar:/Users/andreas.hansen/.m2/repository/jakarta/annotation/jakarta.annotation-api/1.3.5/jakarta.annotation-api-1.3.5.jar:/Users/andreas.hansen/.m2/repository/io/quarkus/quarkus-kubernetes/2.16.2.Final/quarkus-kubernetes-2.16.2.Final.jar:/Users/andreas.hansen/.m2/repository/io/quarkus/quarkus-kubernetes-client-internal/2.16.2.Final/quarkus-kubernetes-client-internal-2.16.2.Final.jar:/Users/andreas.hansen/.m2/repository/io/quarkus/quarkus-container-image/2.16.2.Final/quarkus-container-image-2.16.2.Final.jar:/Users/andreas.hansen/.m2/repository/io/quarkus/quarkus-container-image-jib/2.16.2.Final/quarkus-container-image-jib-2.16.2.Final.jar:/Users/andreas.hansen/.m2/repository/io/quarkus/quarkus-junit5/2.16.2.Final/quarkus-junit5-2.16.2.Final.jar:/Users/andreas.hansen/.m2/repository/io/quarkus/quarkus-bootstrap-core/2.16.2.Final/quarkus-bootstrap-core-2.16.2.Final.jar:/Users/andreas.hansen/.m2/repository/io/quarkus/quarkus-bootstrap-app-model/2.16.2.Final/quarkus-bootstrap-app-model-2.16.2.Final.jar:/Users/andreas.hansen/.m2/repository/io/smallrye/common/smallrye-common-io/1.13.2/smallrye-common-io-1.13.2.jar:/Users/andreas.hansen/.m2/repository/org/eclipse/sisu/org.eclipse.sisu.inject/0.3.5/org.eclipse.sisu.inject-0.3.5.jar:/Users/andreas.hansen/.m2/repository/io/quarkus/quarkus-test-common/2.16.2.Final/quarkus-test-common-2.16.2.Final.jar:/Users/andreas.hansen/.m2/repository/io/quarkus/quarkus-core-deployment/2.16.2.Final/quarkus-core-deployment-2.16.2.Final.jar:/Users/andreas.hansen/.m2/repository/org/aesh/readline/2.2/readline-2.2.jar:/Users/andreas.hansen/.m2/repository/org/fusesource/jansi/jansi/1.18/jansi-1.18.jar:/Users/andreas.hansen/.m2/repository/org/aesh/aesh/2.7/aesh-2.7.jar:/Users/andreas.hansen/.m2/repository/io/quarkus/gizmo/gizmo/1.6.0.Final/gizmo-1.6.0.Final.jar:/Users/andreas.hansen/.m2/repository/org/ow2/asm/asm-util/9.4/asm-util-9.4.jar:/Users/andreas.hansen/.m2/repository/org/ow2/asm/asm-analysis/9.4/asm-analysis-9.4.jar:/Users/andreas.hansen/.m2/repository/org/ow2/asm/asm-commons/9.4/asm-commons-9.4.jar:/Users/andreas.hansen/.m2/repository/org/ow2/asm/asm-tree/9.4/asm-tree-9.4.jar:/Users/andreas.hansen/.m2/repository/io/quarkus/quarkus-class-change-agent/2.16.2.Final/quarkus-class-change-agent-2.16.2.Final.jar:/Users/andreas.hansen/.m2/repository/io/quarkus/quarkus-builder/2.16.2.Final/quarkus-builder-2.16.2.Final.jar:/Users/andreas.hansen/.m2/repository/org/junit/platform/junit-platform-launcher/1.9.2/junit-platform-launcher-1.9.2.jar:/Users/andreas.hansen/.m2/repository/io/quarkus/quarkus-bootstrap-maven-resolver/2.16.2.Final/quarkus-bootstrap-maven-resolver-2.16.2.Final.jar:/Users/andreas.hansen/.m2/repository/org/apache/maven/maven-embedder/3.8.6/maven-embedder-3.8.6.jar:/Users/andreas.hansen/.m2/repository/org/apache/maven/maven-settings/3.8.6/maven-settings-3.8.6.jar:/Users/andreas.hansen/.m2/repository/org/apache/maven/maven-core/3.8.6/maven-core-3.8.6.jar:/Users/andreas.hansen/.m2/repository/org/apache/maven/maven-artifact/3.8.6/maven-artifact-3.8.6.jar:/Users/andreas.hansen/.m2/repository/org/codehaus/plexus/plexus-component-annotations/2.1.0/plexus-component-annotations-2.1.0.jar:/Users/andreas.hansen/.m2/repository/org/apache/maven/maven-plugin-api/3.8.6/maven-plugin-api-3.8.6.jar:/Users/andreas.hansen/.m2/repository/org/apache/maven/maven-model/3.8.6/maven-model-3.8.6.jar:/Users/andreas.hansen/.m2/repository/org/apache/maven/maven-model-builder/3.8.6/maven-model-builder-3.8.6.jar:/Users/andreas.hansen/.m2/repository/org/apache/maven/maven-builder-support/3.8.6/maven-builder-support-3.8.6.jar:/Users/andreas.hansen/.m2/repository/org/apache/maven/resolver/maven-resolver-api/1.6.3/maven-resolver-api-1.6.3.jar:/Users/andreas.hansen/.m2/repository/org/apache/maven/resolver/maven-resolver-util/1.6.3/maven-resolver-util-1.6.3.jar:/Users/andreas.hansen/.m2/repository/org/apache/maven/shared/maven-shared-utils/3.3.4/maven-shared-utils-3.3.4.jar:/Users/andreas.hansen/.m2/repository/commons-io/commons-io/2.11.0/commons-io-2.11.0.jar:/Users/andreas.hansen/.m2/repository/com/google/inject/guice/4.2.2/guice-4.2.2-no_aop.jar:/Users/andreas.hansen/.m2/repository/com/google/guava/guava/31.1-jre/guava-31.1-jre.jar:/Users/andreas.hansen/.m2/repository/com/google/guava/failureaccess/1.0.1/failureaccess-1.0.1.jar:/Users/andreas.hansen/.m2/repository/org/codehaus/plexus/plexus-classworlds/2.6.0/plexus-classworlds-2.6.0.jar:/Users/andreas.hansen/.m2/repository/org/codehaus/plexus/plexus-sec-dispatcher/2.0/plexus-sec-dispatcher-2.0.jar:/Users/andreas.hansen/.m2/repository/org/codehaus/plexus/plexus-cipher/2.0/plexus-cipher-2.0.jar:/Users/andreas.hansen/.m2/repository/commons-cli/commons-cli/1.4/commons-cli-1.4.jar:/Users/andreas.hansen/.m2/repository/org/eclipse/sisu/org.eclipse.sisu.plexus/0.3.5/org.eclipse.sisu.plexus-0.3.5.jar:/Users/andreas.hansen/.m2/repository/org/apache/maven/maven-settings-builder/3.8.6/maven-settings-builder-3.8.6.jar:/Users/andreas.hansen/.m2/repository/org/codehaus/plexus/plexus-interpolation/1.26/plexus-interpolation-1.26.jar:/Users/andreas.hansen/.m2/repository/org/apache/maven/maven-resolver-provider/3.8.6/maven-resolver-provider-3.8.6.jar:/Users/andreas.hansen/.m2/repository/org/apache/maven/maven-repository-metadata/3.8.6/maven-repository-metadata-3.8.6.jar:/Users/andreas.hansen/.m2/repository/org/apache/maven/resolver/maven-resolver-spi/1.6.3/maven-resolver-spi-1.6.3.jar:/Users/andreas.hansen/.m2/repository/org/apache/maven/resolver/maven-resolver-impl/1.6.3/maven-resolver-impl-1.6.3.jar:/Users/andreas.hansen/.m2/repository/org/codehaus/plexus/plexus-utils/3.3.0/plexus-utils-3.3.0.jar:/Users/andreas.hansen/.m2/repository/org/apache/maven/resolver/maven-resolver-connector-basic/1.6.3/maven-resolver-connector-basic-1.6.3.jar:/Users/andreas.hansen/.m2/repository/org/apache/maven/resolver/maven-resolver-transport-wagon/1.6.3/maven-resolver-transport-wagon-1.6.3.jar:/Users/andreas.hansen/.m2/repository/org/apache/maven/wagon/wagon-http/3.5.1/wagon-http-3.5.1.jar:/Users/andreas.hansen/.m2/repository/org/apache/maven/wagon/wagon-http-shared/3.5.1/wagon-http-shared-3.5.1.jar:/Users/andreas.hansen/.m2/repository/org/apache/maven/wagon/wagon-provider-api/3.5.1/wagon-provider-api-3.5.1.jar:/Users/andreas.hansen/.m2/repository/org/apache/maven/wagon/wagon-file/3.5.1/wagon-file-3.5.1.jar:/Users/andreas.hansen/.m2/repository/io/quarkus/quarkus-bootstrap-gradle-resolver/2.16.2.Final/quarkus-bootstrap-gradle-resolver-2.16.2.Final.jar:/Users/andreas.hansen/.m2/repository/io/smallrye/jandex/3.0.5/jandex-3.0.5.jar:/Users/andreas.hansen/.m2/repository/io/quarkus/quarkus-junit5-properties/2.16.2.Final/quarkus-junit5-properties-2.16.2.Final.jar:/Users/andreas.hansen/.m2/repository/org/junit/jupiter/junit-jupiter/5.9.2/junit-jupiter-5.9.2.jar:/Users/andreas.hansen/.m2/repository/com/thoughtworks/xstream/xstream/1.4.20/xstream-1.4.20.jar:/Users/andreas.hansen/.m2/repository/io/github/x-stream/mxparser/1.2.2/mxparser-1.2.2.jar:/Users/andreas.hansen/.m2/repository/xmlpull/xmlpull/1.1.3.1/xmlpull-1.1.3.1.jar:/Users/andreas.hansen/.m2/repository/org/assertj/assertj-core/3.22.0/assertj-core-3.22.0.jar:/Users/andreas.hansen/.m2/repository/io/quarkus/quarkus-test-h2/2.16.2.Final/quarkus-test-h2-2.16.2.Final.jar:/Users/andreas.hansen/.m2/repository/com/h2database/h2/2.1.214/h2-2.1.214.jar:/Users/andreas.hansen/.m2/repository/io/rest-assured/rest-assured/4.5.1/rest-assured-4.5.1.jar:/Users/andreas.hansen/.m2/repository/org/codehaus/groovy/groovy/3.0.9/groovy-3.0.9.jar:/Users/andreas.hansen/.m2/repository/org/codehaus/groovy/groovy-xml/3.0.9/groovy-xml-3.0.9.jar:/Users/andreas.hansen/.m2/repository/org/apache/httpcomponents/httpclient/4.5.14/httpclient-4.5.14.jar:/Users/andreas.hansen/.m2/repository/org/apache/httpcomponents/httpcore/4.4.16/httpcore-4.4.16.jar:/Users/andreas.hansen/.m2/repository/commons-codec/commons-codec/1.15/commons-codec-1.15.jar:/Users/andreas.hansen/.m2/repository/org/apache/httpcomponents/httpmime/4.5.14/httpmime-4.5.14.jar:/Users/andreas.hansen/.m2/repository/org/hamcrest/hamcrest/2.1/hamcrest-2.1.jar:/Users/andreas.hansen/.m2/repository/org/ccil/cowan/tagsoup/tagsoup/1.2.1/tagsoup-1.2.1.jar:/Users/andreas.hansen/.m2/repository/io/rest-assured/json-path/4.5.1/json-path-4.5.1.jar:/Users/andreas.hansen/.m2/repository/org/codehaus/groovy/groovy-json/3.0.9/groovy-json-3.0.9.jar:/Users/andreas.hansen/.m2/repository/io/rest-assured/rest-assured-common/4.5.1/rest-assured-common-4.5.1.jar:/Users/andreas.hansen/.m2/repository/io/rest-assured/xml-path/4.5.1/xml-path-4.5.1.jar:/Users/andreas.hansen/.m2/repository/org/apache/commons/commons-lang3/3.12.0/commons-lang3-3.12.0.jar:/Users/andreas.hansen/.m2/repository/org/awaitility/awaitility/4.2.0/awaitility-4.2.0.jar:/Users/andreas.hansen/.m2/repository/io/quarkus/quarkus-panache-mock/2.16.2.Final/quarkus-panache-mock-2.16.2.Final.jar:/Users/andreas.hansen/.m2/repository/io/quarkus/quarkus-panache-common-deployment/2.16.2.Final/quarkus-panache-common-deployment-2.16.2.Final.jar:/Users/andreas.hansen/.m2/repository/io/quarkus/quarkus-arc-deployment/2.16.2.Final/quarkus-arc-deployment-2.16.2.Final.jar:/Users/andreas.hansen/.m2/repository/io/quarkus/quarkus-smallrye-context-propagation-spi/2.16.2.Final/quarkus-smallrye-context-propagation-spi-2.16.2.Final.jar:/Users/andreas.hansen/.m2/repository/io/quarkus/quarkus-vertx-http-dev-console-spi/2.16.2.Final/quarkus-vertx-http-dev-console-spi-2.16.2.Final.jar:/Users/andreas.hansen/.m2/repository/io/quarkus/arc/arc-processor/2.16.2.Final/arc-processor-2.16.2.Final.jar:/Users/andreas.hansen/.m2/repository/jakarta/validation/jakarta.validation-api/2.0.2/jakarta.validation-api-2.0.2.jar:/Users/andreas.hansen/.m2/repository/org/ow2/asm/asm/9.4/asm-9.4.jar:/Users/andreas.hansen/.m2/repository/io/quarkus/quarkus-junit5-mockito/2.16.2.Final/quarkus-junit5-mockito-2.16.2.Final.jar:/Users/andreas.hansen/.m2/repository/io/quarkus/quarkus-junit5-mockito-config/2.16.2.Final/quarkus-junit5-mockito-config-2.16.2.Final.jar:/Users/andreas.hansen/.m2/repository/org/mockito/mockito-core/4.11.0/mockito-core-4.11.0.jar:/Users/andreas.hansen/.m2/repository/net/bytebuddy/byte-buddy-agent/1.12.19/byte-buddy-agent-1.12.19.jar:/Users/andreas.hansen/.m2/repository/org/objenesis/objenesis/3.3/objenesis-3.3.jar:/Users/andreas.hansen/.m2/repository/io/quarkus/quarkus-junit5-internal/2.16.2.Final/quarkus-junit5-internal-2.16.2.Final.jar:/Users/andreas.hansen/.m2/repository/org/jboss/shrinkwrap/shrinkwrap-api/1.2.6/shrinkwrap-api-1.2.6.jar:/Users/andreas.hansen/.m2/repository/org/jboss/shrinkwrap/shrinkwrap-spi/1.2.6/shrinkwrap-spi-1.2.6.jar:/Users/andreas.hansen/.m2/repository/org/jboss/shrinkwrap/shrinkwrap-impl-base/1.2.6/shrinkwrap-impl-base-1.2.6.jar:/Users/andreas.hansen/.m2/repository/org/junit/jupiter/junit-jupiter-api/5.9.2/junit-jupiter-api-5.9.2.jar:/Users/andreas.hansen/.m2/repository/org/opentest4j/opentest4j/1.2.0/opentest4j-1.2.0.jar:/Users/andreas.hansen/.m2/repository/org/junit/platform/junit-platform-commons/1.9.2/junit-platform-commons-1.9.2.jar:/Users/andreas.hansen/.m2/repository/org/apiguardian/apiguardian-api/1.1.2/apiguardian-api-1.1.2.jar:/Users/andreas.hansen/.m2/repository/org/junit/jupiter/junit-jupiter-params/5.9.2/junit-jupiter-params-5.9.2.jar:/Users/andreas.hansen/.m2/repository/org/junit/jupiter/junit-jupiter-engine/5.9.2/junit-jupiter-engine-5.9.2.jar:/Users/andreas.hansen/.m2/repository/org/junit/platform/junit-platform-engine/1.9.2/junit-platform-engine-1.9.2.jar:/Users/andreas.hansen/.m2/repository/jakarta/enterprise/jakarta.enterprise.cdi-api/2.0.2/jakarta.enterprise.cdi-api-2.0.2.jar:/Users/andreas.hansen/.m2/repository/jakarta/el/jakarta.el-api/3.0.3/jakarta.el-api-3.0.3.jar:/Users/andreas.hansen/.m2/repository/jakarta/interceptor/jakarta.interceptor-api/1.2.5/jakarta.interceptor-api-1.2.5.jar:/Users/andreas.hansen/.m2/repository/io/quarkus/quarkus-devtools-utilities/2.16.2.Final/quarkus-devtools-utilities-2.16.2.Final.jar:"/>
    <property name="java.vm.vendor" value="GraalVM Community"/>
    <property name="sun.arch.data.model" value="64"/>
    <property name="quarkusRegistryClient" value="true"/>
    <property name="java.vendor.url" value="https://www.graalvm.org/"/>
    <property name="user.timezone" value="Europe/Copenhagen"/>
    <property name="os.name" value="Mac OS X"/>
    <property name="java.vm.specification.version" value="19"/>
    <property name="sun.java.launcher" value="SUN_STANDARD"/>
    <property name="user.country" value="DK"/>
    <property name="sun.boot.library.path" value="/Library/Java/JavaVirtualMachines/graalvm-ce-java19-22.3.1/Contents/Home/lib"/>
    <property name="sun.java.command" value="/Users/andreas.hansen/dev/quarkus/orm/target/surefire/surefirebooter-20230223144859891_3.jar /Users/andreas.hansen/dev/quarkus/orm/target/surefire 2023-02-23T14-48-59_784-jvmRun1 surefire-20230223144859891_1tmp surefire_0-20230223144859891_2tmp"/>
    <property name="jdk.debug" value="release"/>
    <property name="maven.home" value="/Users/andreas.hansen/.m2/wrapper/dists/apache-maven-3.8.6-bin/67568434/apache-maven-3.8.6"/>
    <property name="surefire.test.class.path" value="/Users/andreas.hansen/dev/quarkus/orm/target/test-classes:/Users/andreas.hansen/dev/quarkus/orm/target/classes:/Users/andreas.hansen/.m2/repository/io/quarkus/quarkus-hibernate-orm-panache/2.16.2.Final/quarkus-hibernate-orm-panache-2.16.2.Final.jar:/Users/andreas.hansen/.m2/repository/io/quarkus/quarkus-hibernate-orm/2.16.2.Final/quarkus-hibernate-orm-2.16.2.Final.jar:/Users/andreas.hansen/.m2/repository/io/quarkus/quarkus-agroal/2.16.2.Final/quarkus-agroal-2.16.2.Final.jar:/Users/andreas.hansen/.m2/repository/io/quarkus/quarkus-datasource/2.16.2.Final/quarkus-datasource-2.16.2.Final.jar:/Users/andreas.hansen/.m2/repository/io/quarkus/quarkus-datasource-common/2.16.2.Final/quarkus-datasource-common-2.16.2.Final.jar:/Users/andreas.hansen/.m2/repository/io/agroal/agroal-api/1.16/agroal-api-1.16.jar:/Users/andreas.hansen/.m2/repository/io/agroal/agroal-narayana/1.16/agroal-narayana-1.16.jar:/Users/andreas.hansen/.m2/repository/org/jboss/jboss-transaction-spi/7.6.0.Final/jboss-transaction-spi-7.6.0.Final.jar:/Users/andreas.hansen/.m2/repository/io/agroal/agroal-pool/1.16/agroal-pool-1.16.jar:/Users/andreas.hansen/.m2/repository/io/quarkus/quarkus-narayana-jta/2.16.2.Final/quarkus-narayana-jta-2.16.2.Final.jar:/Users/andreas.hansen/.m2/repository/io/quarkus/quarkus-transaction-annotations/2.16.2.Final/quarkus-transaction-annotations-2.16.2.Final.jar:/Users/andreas.hansen/.m2/repository/io/smallrye/smallrye-context-propagation-jta/1.2.2/smallrye-context-propagation-jta-1.2.2.jar:/Users/andreas.hansen/.m2/repository/io/smallrye/reactive/smallrye-reactive-converter-mutiny/2.7.0/smallrye-reactive-converter-mutiny-2.7.0.jar:/Users/andreas.hansen/.m2/repository/org/jboss/narayana/jta/narayana-jta/5.13.1.Final/narayana-jta-5.13.1.Final.jar:/Users/andreas.hansen/.m2/repository/org/jboss/spec/javax/resource/jboss-connector-api_1.7_spec/1.0.0.Final/jboss-connector-api_1.7_spec-1.0.0.Final.jar:/Users/andreas.hansen/.m2/repository/org/jboss/narayana/jts/narayana-jts-integration/5.13.1.Final/narayana-jts-integration-5.13.1.Final.jar:/Users/andreas.hansen/.m2/repository/org/hibernate/hibernate-core/5.6.15.Final/hibernate-core-5.6.15.Final.jar:/Users/andreas.hansen/.m2/repository/net/bytebuddy/byte-buddy/1.12.18/byte-buddy-1.12.18.jar:/Users/andreas.hansen/.m2/repository/antlr/antlr/2.7.7/antlr-2.7.7.jar:/Users/andreas.hansen/.m2/repository/com/fasterxml/classmate/1.5.1/classmate-1.5.1.jar:/Users/andreas.hansen/.m2/repository/org/hibernate/common/hibernate-commons-annotations/5.1.2.Final/hibernate-commons-annotations-5.1.2.Final.jar:/Users/andreas.hansen/.m2/repository/org/hibernate/hibernate-graalvm/5.6.15.Final/hibernate-graalvm-5.6.15.Final.jar:/Users/andreas.hansen/.m2/repository/org/glassfish/jaxb/jaxb-runtime/2.3.3-b02/jaxb-runtime-2.3.3-b02.jar:/Users/andreas.hansen/.m2/repository/org/glassfish/jaxb/txw2/2.3.3-b02/txw2-2.3.3-b02.jar:/Users/andreas.hansen/.m2/repository/com/sun/istack/istack-commons-runtime/3.0.10/istack-commons-runtime-3.0.10.jar:/Users/andreas.hansen/.m2/repository/com/sun/activation/jakarta.activation/1.2.1/jakarta.activation-1.2.1.jar:/Users/andreas.hansen/.m2/repository/org/jboss/spec/javax/xml/bind/jboss-jaxb-api_2.3_spec/2.0.0.Final/jboss-jaxb-api_2.3_spec-2.0.0.Final.jar:/Users/andreas.hansen/.m2/repository/jakarta/persistence/jakarta.persistence-api/2.2.3/jakarta.persistence-api-2.2.3.jar:/Users/andreas.hansen/.m2/repository/jakarta/transaction/jakarta.transaction-api/1.3.3/jakarta.transaction-api-1.3.3.jar:/Users/andreas.hansen/.m2/repository/org/hibernate/quarkus-local-cache/0.1.1/quarkus-local-cache-0.1.1.jar:/Users/andreas.hansen/.m2/repository/io/quarkus/quarkus-caffeine/2.16.2.Final/quarkus-caffeine-2.16.2.Final.jar:/Users/andreas.hansen/.m2/repository/com/github/ben-manes/caffeine/caffeine/3.1.1/caffeine-3.1.1.jar:/Users/andreas.hansen/.m2/repository/com/google/errorprone/error_prone_annotations/2.17.0/error_prone_annotations-2.17.0.jar:/Users/andreas.hansen/.m2/repository/io/quarkus/quarkus-hibernate-orm-panache-common/2.16.2.Final/quarkus-hibernate-orm-panache-common-2.16.2.Final.jar:/Users/andreas.hansen/.m2/repository/io/quarkus/quarkus-panache-hibernate-common/2.16.2.Final/quarkus-panache-hibernate-common-2.16.2.Final.jar:/Users/andreas.hansen/.m2/repository/io/quarkus/quarkus-arc/2.16.2.Final/quarkus-arc-2.16.2.Final.jar:/Users/andreas.hansen/.m2/repository/io/quarkus/arc/arc/2.16.2.Final/arc-2.16.2.Final.jar:/Users/andreas.hansen/.m2/repository/org/eclipse/microprofile/context-propagation/microprofile-context-propagation-api/1.2/microprofile-context-propagation-api-1.2.jar:/Users/andreas.hansen/.m2/repository/io/quarkus/quarkus-panache-common/2.16.2.Final/quarkus-panache-common-2.16.2.Final.jar:/Users/andreas.hansen/.m2/repository/io/quarkus/quarkus-jdbc-postgresql/2.16.2.Final/quarkus-jdbc-postgresql-2.16.2.Final.jar:/Users/andreas.hansen/.m2/repository/org/postgresql/postgresql/42.5.3/postgresql-42.5.3.jar:/Users/andreas.hansen/.m2/repository/io/quarkus/quarkus-resteasy-reactive/2.16.2.Final/quarkus-resteasy-reactive-2.16.2.Final.jar:/Users/andreas.hansen/.m2/repository/io/quarkus/quarkus-resteasy-reactive-common/2.16.2.Final/quarkus-resteasy-reactive-common-2.16.2.Final.jar:/Users/andreas.hansen/.m2/repository/io/quarkus/resteasy/reactive/resteasy-reactive-common/2.16.2.Final/resteasy-reactive-common-2.16.2.Final.jar:/Users/andreas.hansen/.m2/repository/io/quarkus/resteasy/reactive/resteasy-reactive-common-types/2.16.2.Final/resteasy-reactive-common-types-2.16.2.Final.jar:/Users/andreas.hansen/.m2/repository/io/quarkus/quarkus-mutiny/2.16.2.Final/quarkus-mutiny-2.16.2.Final.jar:/Users/andreas.hansen/.m2/repository/io/quarkus/resteasy/reactive/resteasy-reactive-vertx/2.16.2.Final/resteasy-reactive-vertx-2.16.2.Final.jar:/Users/andreas.hansen/.m2/repository/io/vertx/vertx-web/4.3.7/vertx-web-4.3.7.jar:/Users/andreas.hansen/.m2/repository/io/vertx/vertx-web-common/4.3.7/vertx-web-common-4.3.7.jar:/Users/andreas.hansen/.m2/repository/io/vertx/vertx-auth-common/4.3.7/vertx-auth-common-4.3.7.jar:/Users/andreas.hansen/.m2/repository/io/vertx/vertx-bridge-common/4.3.7/vertx-bridge-common-4.3.7.jar:/Users/andreas.hansen/.m2/repository/io/vertx/vertx-core/4.3.7/vertx-core-4.3.7.jar:/Users/andreas.hansen/.m2/repository/io/netty/netty-common/4.1.86.Final/netty-common-4.1.86.Final.jar:/Users/andreas.hansen/.m2/repository/io/netty/netty-handler-proxy/4.1.86.Final/netty-handler-proxy-4.1.86.Final.jar:/Users/andreas.hansen/.m2/repository/io/netty/netty-codec-socks/4.1.86.Final/netty-codec-socks-4.1.86.Final.jar:/Users/andreas.hansen/.m2/repository/io/netty/netty-resolver/4.1.86.Final/netty-resolver-4.1.86.Final.jar:/Users/andreas.hansen/.m2/repository/io/netty/netty-resolver-dns/4.1.86.Final/netty-resolver-dns-4.1.86.Final.jar:/Users/andreas.hansen/.m2/repository/io/netty/netty-codec-dns/4.1.86.Final/netty-codec-dns-4.1.86.Final.jar:/Users/andreas.hansen/.m2/repository/io/smallrye/reactive/smallrye-mutiny-vertx-core/2.30.1/smallrye-mutiny-vertx-core-2.30.1.jar:/Users/andreas.hansen/.m2/repository/io/smallrye/reactive/smallrye-mutiny-vertx-runtime/2.30.1/smallrye-mutiny-vertx-runtime-2.30.1.jar:/Users/andreas.hansen/.m2/repository/io/smallrye/reactive/vertx-mutiny-generator/2.30.1/vertx-mutiny-generator-2.30.1.jar:/Users/andreas.hansen/.m2/repository/io/vertx/vertx-codegen/4.3.7/vertx-codegen-4.3.7.jar:/Users/andreas.hansen/.m2/repository/io/quarkus/resteasy/reactive/resteasy-reactive/2.16.2.Final/resteasy-reactive-2.16.2.Final.jar:/Users/andreas.hansen/.m2/repository/org/jboss/spec/javax/ws/rs/jboss-jaxrs-api_2.1_spec/2.0.1.Final/jboss-jaxrs-api_2.1_spec-2.0.1.Final.jar:/Users/andreas.hansen/.m2/repository/org/jboss/logging/commons-logging-jboss-logging/1.0.0.Final/commons-logging-jboss-logging-1.0.0.Final.jar:/Users/andreas.hansen/.m2/repository/org/jboss/logging/jboss-logging/3.5.0.Final/jboss-logging-3.5.0.Final.jar:/Users/andreas.hansen/.m2/repository/io/quarkus/quarkus-vertx-http/2.16.2.Final/quarkus-vertx-http-2.16.2.Final.jar:/Users/andreas.hansen/.m2/repository/io/quarkus/quarkus-security-runtime-spi/2.16.2.Final/quarkus-security-runtime-spi-2.16.2.Final.jar:/Users/andreas.hansen/.m2/repository/io/smallrye/common/smallrye-common-vertx-context/1.13.2/smallrye-common-vertx-context-1.13.2.jar:/Users/andreas.hansen/.m2/repository/io/quarkus/quarkus-vertx-http-dev-console-runtime-spi/2.16.2.Final/quarkus-vertx-http-dev-console-runtime-spi-2.16.2.Final.jar:/Users/andreas.hansen/.m2/repository/io/quarkus/security/quarkus-security/1.1.4.Final/quarkus-security-1.1.4.Final.jar:/Users/andreas.hansen/.m2/repository/io/smallrye/reactive/smallrye-mutiny-vertx-web/2.30.1/smallrye-mutiny-vertx-web-2.30.1.jar:/Users/andreas.hansen/.m2/repository/io/smallrye/reactive/smallrye-mutiny-vertx-web-common/2.30.1/smallrye-mutiny-vertx-web-common-2.30.1.jar:/Users/andreas.hansen/.m2/repository/io/smallrye/reactive/smallrye-mutiny-vertx-auth-common/2.30.1/smallrye-mutiny-vertx-auth-common-2.30.1.jar:/Users/andreas.hansen/.m2/repository/io/smallrye/reactive/smallrye-mutiny-vertx-bridge-common/2.30.1/smallrye-mutiny-vertx-bridge-common-2.30.1.jar:/Users/andreas.hansen/.m2/repository/io/smallrye/reactive/smallrye-mutiny-vertx-uri-template/2.30.1/smallrye-mutiny-vertx-uri-template-2.30.1.jar:/Users/andreas.hansen/.m2/repository/io/vertx/vertx-uri-template/4.3.7/vertx-uri-template-4.3.7.jar:/Users/andreas.hansen/.m2/repository/io/github/crac/org-crac/0.1.3/org-crac-0.1.3.jar:/Users/andreas.hansen/.m2/repository/io/quarkus/quarkus-jsonp/2.16.2.Final/quarkus-jsonp-2.16.2.Final.jar:/Users/andreas.hansen/.m2/repository/org/glassfish/jakarta.json/1.1.6/jakarta.json-1.1.6.jar:/Users/andreas.hansen/.m2/repository/io/quarkus/quarkus-resteasy-reactive-jackson/2.16.2.Final/quarkus-resteasy-reactive-jackson-2.16.2.Final.jar:/Users/andreas.hansen/.m2/repository/io/quarkus/quarkus-resteasy-reactive-jackson-common/2.16.2.Final/quarkus-resteasy-reactive-jackson-common-2.16.2.Final.jar:/Users/andreas.hansen/.m2/repository/io/quarkus/resteasy/reactive/resteasy-reactive-jackson/2.16.2.Final/resteasy-reactive-jackson-2.16.2.Final.jar:/Users/andreas.hansen/.m2/repository/org/projectlombok/lombok/1.18.26/lombok-1.18.26.jar:/Users/andreas.hansen/.m2/repository/io/quarkus/quarkus-config-yaml/2.16.2.Final/quarkus-config-yaml-2.16.2.Final.jar:/Users/andreas.hansen/.m2/repository/io/smallrye/config/smallrye-config-source-yaml/2.13.2/smallrye-config-source-yaml-2.13.2.jar:/Users/andreas.hansen/.m2/repository/org/yaml/snakeyaml/1.33/snakeyaml-1.33.jar:/Users/andreas.hansen/.m2/repository/io/smallrye/config/smallrye-config-common/2.13.2/smallrye-config-common-2.13.2.jar:/Users/andreas.hansen/.m2/repository/io/smallrye/common/smallrye-common-classloader/1.13.2/smallrye-common-classloader-1.13.2.jar:/Users/andreas.hansen/.m2/repository/io/smallrye/config/smallrye-config/2.13.2/smallrye-config-2.13.2.jar:/Users/andreas.hansen/.m2/repository/io/smallrye/config/smallrye-config-core/2.13.2/smallrye-config-core-2.13.2.jar:/Users/andreas.hansen/.m2/repository/io/smallrye/common/smallrye-common-expression/1.13.2/smallrye-common-expression-1.13.2.jar:/Users/andreas.hansen/.m2/repository/io/smallrye/common/smallrye-common-function/1.13.2/smallrye-common-function-1.13.2.jar:/Users/andreas.hansen/.m2/repository/io/smallrye/common/smallrye-common-constraint/1.13.2/smallrye-common-constraint-1.13.2.jar:/Users/andreas.hansen/.m2/repository/io/quarkus/quarkus-core/2.16.2.Final/quarkus-core-2.16.2.Final.jar:/Users/andreas.hansen/.m2/repository/jakarta/inject/jakarta.inject-api/1.0/jakarta.inject-api-1.0.jar:/Users/andreas.hansen/.m2/repository/io/quarkus/quarkus-ide-launcher/2.16.2.Final/quarkus-ide-launcher-2.16.2.Final.jar:/Users/andreas.hansen/.m2/repository/io/quarkus/quarkus-development-mode-spi/2.16.2.Final/quarkus-development-mode-spi-2.16.2.Final.jar:/Users/andreas.hansen/.m2/repository/org/jboss/logmanager/jboss-logmanager-embedded/1.0.11/jboss-logmanager-embedded-1.0.11.jar:/Users/andreas.hansen/.m2/repository/org/jboss/logging/jboss-logging-annotations/2.2.1.Final/jboss-logging-annotations-2.2.1.Final.jar:/Users/andreas.hansen/.m2/repository/org/jboss/threads/jboss-threads/3.4.3.Final/jboss-threads-3.4.3.Final.jar:/Users/andreas.hansen/.m2/repository/org/slf4j/slf4j-api/1.7.36/slf4j-api-1.7.36.jar:/Users/andreas.hansen/.m2/repository/org/jboss/slf4j/slf4j-jboss-logmanager/1.2.0.Final/slf4j-jboss-logmanager-1.2.0.Final.jar:/Users/andreas.hansen/.m2/repository/org/graalvm/sdk/graal-sdk/22.3.0/graal-sdk-22.3.0.jar:/Users/andreas.hansen/.m2/repository/org/wildfly/common/wildfly-common/1.5.4.Final-format-001/wildfly-common-1.5.4.Final-format-001.jar:/Users/andreas.hansen/.m2/repository/io/quarkus/quarkus-bootstrap-runner/2.16.2.Final/quarkus-bootstrap-runner-2.16.2.Final.jar:/Users/andreas.hansen/.m2/repository/io/quarkus/quarkus-fs-util/0.0.9/quarkus-fs-util-0.0.9.jar:/Users/andreas.hansen/.m2/repository/org/eclipse/microprofile/config/microprofile-config-api/2.0.1/microprofile-config-api-2.0.1.jar:/Users/andreas.hansen/.m2/repository/io/quarkus/quarkus-smallrye-reactive-messaging-rabbitmq/2.16.2.Final/quarkus-smallrye-reactive-messaging-rabbitmq-2.16.2.Final.jar:/Users/andreas.hansen/.m2/repository/io/smallrye/reactive/smallrye-reactive-messaging-rabbitmq/3.22.1/smallrye-reactive-messaging-rabbitmq-3.22.1.jar:/Users/andreas.hansen/.m2/repository/io/smallrye/reactive/smallrye-mutiny-vertx-rabbitmq-client/2.30.1/smallrye-mutiny-vertx-rabbitmq-client-2.30.1.jar:/Users/andreas.hansen/.m2/repository/io/vertx/vertx-rabbitmq-client/4.3.7/vertx-rabbitmq-client-4.3.7.jar:/Users/andreas.hansen/.m2/repository/com/rabbitmq/amqp-client/5.10.0/amqp-client-5.10.0.jar:/Users/andreas.hansen/.m2/repository/io/opentelemetry/opentelemetry-api/1.21.0/opentelemetry-api-1.21.0.jar:/Users/andreas.hansen/.m2/repository/io/opentelemetry/opentelemetry-context/1.21.0/opentelemetry-context-1.21.0.jar:/Users/andreas.hansen/.m2/repository/io/opentelemetry/opentelemetry-semconv/1.21.0-alpha/opentelemetry-semconv-1.21.0-alpha.jar:/Users/andreas.hansen/.m2/repository/io/smallrye/reactive/smallrye-reactive-converter-api/2.7.0/smallrye-reactive-converter-api-2.7.0.jar:/Users/andreas.hansen/.m2/repository/org/reactivestreams/reactive-streams/1.0.3/reactive-streams-1.0.3.jar:/Users/andreas.hansen/.m2/repository/io/smallrye/reactive/mutiny/1.9.0/mutiny-1.9.0.jar:/Users/andreas.hansen/.m2/repository/io/quarkus/quarkus-mutiny-reactive-streams-operators/2.16.2.Final/quarkus-mutiny-reactive-streams-operators-2.16.2.Final.jar:/Users/andreas.hansen/.m2/repository/org/eclipse/microprofile/reactive-streams-operators/microprofile-reactive-streams-operators-api/1.0.1/microprofile-reactive-streams-operators-api-1.0.1.jar:/Users/andreas.hansen/.m2/repository/org/eclipse/microprofile/reactive-streams-operators/microprofile-reactive-streams-operators-core/1.0.1/microprofile-reactive-streams-operators-core-1.0.1.jar:/Users/andreas.hansen/.m2/repository/io/smallrye/reactive/mutiny-reactive-streams-operators/1.9.0/mutiny-reactive-streams-operators-1.9.0.jar:/Users/andreas.hansen/.m2/repository/io/smallrye/reactive/mutiny-smallrye-context-propagation/1.9.0/mutiny-smallrye-context-propagation-1.9.0.jar:/Users/andreas.hansen/.m2/repository/io/smallrye/smallrye-context-propagation/1.2.2/smallrye-context-propagation-1.2.2.jar:/Users/andreas.hansen/.m2/repository/io/smallrye/smallrye-context-propagation-api/1.2.2/smallrye-context-propagation-api-1.2.2.jar:/Users/andreas.hansen/.m2/repository/io/smallrye/smallrye-context-propagation-storage/1.2.2/smallrye-context-propagation-storage-1.2.2.jar:/Users/andreas.hansen/.m2/repository/io/quarkus/quarkus-smallrye-context-propagation/2.16.2.Final/quarkus-smallrye-context-propagation-2.16.2.Final.jar:/Users/andreas.hansen/.m2/repository/io/quarkus/quarkus-smallrye-reactive-messaging/2.16.2.Final/quarkus-smallrye-reactive-messaging-2.16.2.Final.jar:/Users/andreas.hansen/.m2/repository/io/quarkus/quarkus-smallrye-reactive-messaging-kotlin/2.16.2.Final/quarkus-smallrye-reactive-messaging-kotlin-2.16.2.Final.jar:/Users/andreas.hansen/.m2/repository/io/smallrye/common/smallrye-common-annotation/1.13.2/smallrye-common-annotation-1.13.2.jar:/Users/andreas.hansen/.m2/repository/io/smallrye/reactive/smallrye-reactive-messaging-health/3.22.1/smallrye-reactive-messaging-health-3.22.1.jar:/Users/andreas.hansen/.m2/repository/org/eclipse/microprofile/health/microprofile-health-api/3.1/microprofile-health-api-3.1.jar:/Users/andreas.hansen/.m2/repository/io/quarkus/quarkus-vertx/2.16.2.Final/quarkus-vertx-2.16.2.Final.jar:/Users/andreas.hansen/.m2/repository/io/quarkus/quarkus-netty/2.16.2.Final/quarkus-netty-2.16.2.Final.jar:/Users/andreas.hansen/.m2/repository/io/netty/netty-codec/4.1.86.Final/netty-codec-4.1.86.Final.jar:/Users/andreas.hansen/.m2/repository/io/netty/netty-codec-http/4.1.86.Final/netty-codec-http-4.1.86.Final.jar:/Users/andreas.hansen/.m2/repository/io/netty/netty-codec-http2/4.1.86.Final/netty-codec-http2-4.1.86.Final.jar:/Users/andreas.hansen/.m2/repository/io/netty/netty-handler/4.1.86.Final/netty-handler-4.1.86.Final.jar:/Users/andreas.hansen/.m2/repository/io/netty/netty-transport-native-unix-common/4.1.86.Final/netty-transport-native-unix-common-4.1.86.Final.jar:/Users/andreas.hansen/.m2/repository/com/aayushatharva/brotli4j/brotli4j/1.8.0/brotli4j-1.8.0.jar:/Users/andreas.hansen/.m2/repository/com/aayushatharva/brotli4j/native-osx-aarch64/1.8.0/native-osx-aarch64-1.8.0.jar:/Users/andreas.hansen/.m2/repository/io/netty/netty-codec-haproxy/4.1.86.Final/netty-codec-haproxy-4.1.86.Final.jar:/Users/andreas.hansen/.m2/repository/io/netty/netty-buffer/4.1.86.Final/netty-buffer-4.1.86.Final.jar:/Users/andreas.hansen/.m2/repository/io/netty/netty-transport/4.1.86.Final/netty-transport-4.1.86.Final.jar:/Users/andreas.hansen/.m2/repository/io/quarkus/quarkus-vertx-latebound-mdc-provider/2.16.2.Final/quarkus-vertx-latebound-mdc-provider-2.16.2.Final.jar:/Users/andreas.hansen/.m2/repository/io/smallrye/smallrye-fault-tolerance-vertx/5.6.0/smallrye-fault-tolerance-vertx-5.6.0.jar:/Users/andreas.hansen/.m2/repository/io/quarkus/quarkus-credentials/2.16.2.Final/quarkus-credentials-2.16.2.Final.jar:/Users/andreas.hansen/.m2/repository/io/quarkus/quarkus-jackson/2.16.2.Final/quarkus-jackson-2.16.2.Final.jar:/Users/andreas.hansen/.m2/repository/com/fasterxml/jackson/core/jackson-databind/2.14.2/jackson-databind-2.14.2.jar:/Users/andreas.hansen/.m2/repository/com/fasterxml/jackson/core/jackson-annotations/2.14.2/jackson-annotations-2.14.2.jar:/Users/andreas.hansen/.m2/repository/com/fasterxml/jackson/core/jackson-core/2.14.2/jackson-core-2.14.2.jar:/Users/andreas.hansen/.m2/repository/com/fasterxml/jackson/datatype/jackson-datatype-jsr310/2.14.2/jackson-datatype-jsr310-2.14.2.jar:/Users/andreas.hansen/.m2/repository/com/fasterxml/jackson/datatype/jackson-datatype-jdk8/2.14.2/jackson-datatype-jdk8-2.14.2.jar:/Users/andreas.hansen/.m2/repository/com/fasterxml/jackson/module/jackson-module-parameter-names/2.14.2/jackson-module-parameter-names-2.14.2.jar:/Users/andreas.hansen/.m2/repository/io/smallrye/reactive/smallrye-reactive-messaging-provider/3.22.1/smallrye-reactive-messaging-provider-3.22.1.jar:/Users/andreas.hansen/.m2/repository/io/smallrye/reactive/smallrye-reactive-messaging-api/3.22.1/smallrye-reactive-messaging-api-3.22.1.jar:/Users/andreas.hansen/.m2/repository/jakarta/annotation/jakarta.annotation-api/1.3.5/jakarta.annotation-api-1.3.5.jar:/Users/andreas.hansen/.m2/repository/io/quarkus/quarkus-kubernetes/2.16.2.Final/quarkus-kubernetes-2.16.2.Final.jar:/Users/andreas.hansen/.m2/repository/io/quarkus/quarkus-kubernetes-client-internal/2.16.2.Final/quarkus-kubernetes-client-internal-2.16.2.Final.jar:/Users/andreas.hansen/.m2/repository/io/quarkus/quarkus-container-image/2.16.2.Final/quarkus-container-image-2.16.2.Final.jar:/Users/andreas.hansen/.m2/repository/io/quarkus/quarkus-container-image-jib/2.16.2.Final/quarkus-container-image-jib-2.16.2.Final.jar:/Users/andreas.hansen/.m2/repository/io/quarkus/quarkus-junit5/2.16.2.Final/quarkus-junit5-2.16.2.Final.jar:/Users/andreas.hansen/.m2/repository/io/quarkus/quarkus-bootstrap-core/2.16.2.Final/quarkus-bootstrap-core-2.16.2.Final.jar:/Users/andreas.hansen/.m2/repository/io/quarkus/quarkus-bootstrap-app-model/2.16.2.Final/quarkus-bootstrap-app-model-2.16.2.Final.jar:/Users/andreas.hansen/.m2/repository/io/smallrye/common/smallrye-common-io/1.13.2/smallrye-common-io-1.13.2.jar:/Users/andreas.hansen/.m2/repository/org/eclipse/sisu/org.eclipse.sisu.inject/0.3.5/org.eclipse.sisu.inject-0.3.5.jar:/Users/andreas.hansen/.m2/repository/io/quarkus/quarkus-test-common/2.16.2.Final/quarkus-test-common-2.16.2.Final.jar:/Users/andreas.hansen/.m2/repository/io/quarkus/quarkus-core-deployment/2.16.2.Final/quarkus-core-deployment-2.16.2.Final.jar:/Users/andreas.hansen/.m2/repository/org/aesh/readline/2.2/readline-2.2.jar:/Users/andreas.hansen/.m2/repository/org/fusesource/jansi/jansi/1.18/jansi-1.18.jar:/Users/andreas.hansen/.m2/repository/org/aesh/aesh/2.7/aesh-2.7.jar:/Users/andreas.hansen/.m2/repository/io/quarkus/gizmo/gizmo/1.6.0.Final/gizmo-1.6.0.Final.jar:/Users/andreas.hansen/.m2/repository/org/ow2/asm/asm-util/9.4/asm-util-9.4.jar:/Users/andreas.hansen/.m2/repository/org/ow2/asm/asm-analysis/9.4/asm-analysis-9.4.jar:/Users/andreas.hansen/.m2/repository/org/ow2/asm/asm-commons/9.4/asm-commons-9.4.jar:/Users/andreas.hansen/.m2/repository/org/ow2/asm/asm-tree/9.4/asm-tree-9.4.jar:/Users/andreas.hansen/.m2/repository/io/quarkus/quarkus-class-change-agent/2.16.2.Final/quarkus-class-change-agent-2.16.2.Final.jar:/Users/andreas.hansen/.m2/repository/io/quarkus/quarkus-builder/2.16.2.Final/quarkus-builder-2.16.2.Final.jar:/Users/andreas.hansen/.m2/repository/org/junit/platform/junit-platform-launcher/1.9.2/junit-platform-launcher-1.9.2.jar:/Users/andreas.hansen/.m2/repository/io/quarkus/quarkus-bootstrap-maven-resolver/2.16.2.Final/quarkus-bootstrap-maven-resolver-2.16.2.Final.jar:/Users/andreas.hansen/.m2/repository/org/apache/maven/maven-embedder/3.8.6/maven-embedder-3.8.6.jar:/Users/andreas.hansen/.m2/repository/org/apache/maven/maven-settings/3.8.6/maven-settings-3.8.6.jar:/Users/andreas.hansen/.m2/repository/org/apache/maven/maven-core/3.8.6/maven-core-3.8.6.jar:/Users/andreas.hansen/.m2/repository/org/apache/maven/maven-artifact/3.8.6/maven-artifact-3.8.6.jar:/Users/andreas.hansen/.m2/repository/org/codehaus/plexus/plexus-component-annotations/2.1.0/plexus-component-annotations-2.1.0.jar:/Users/andreas.hansen/.m2/repository/org/apache/maven/maven-plugin-api/3.8.6/maven-plugin-api-3.8.6.jar:/Users/andreas.hansen/.m2/repository/org/apache/maven/maven-model/3.8.6/maven-model-3.8.6.jar:/Users/andreas.hansen/.m2/repository/org/apache/maven/maven-model-builder/3.8.6/maven-model-builder-3.8.6.jar:/Users/andreas.hansen/.m2/repository/org/apache/maven/maven-builder-support/3.8.6/maven-builder-support-3.8.6.jar:/Users/andreas.hansen/.m2/repository/org/apache/maven/resolver/maven-resolver-api/1.6.3/maven-resolver-api-1.6.3.jar:/Users/andreas.hansen/.m2/repository/org/apache/maven/resolver/maven-resolver-util/1.6.3/maven-resolver-util-1.6.3.jar:/Users/andreas.hansen/.m2/repository/org/apache/maven/shared/maven-shared-utils/3.3.4/maven-shared-utils-3.3.4.jar:/Users/andreas.hansen/.m2/repository/commons-io/commons-io/2.11.0/commons-io-2.11.0.jar:/Users/andreas.hansen/.m2/repository/com/google/inject/guice/4.2.2/guice-4.2.2-no_aop.jar:/Users/andreas.hansen/.m2/repository/com/google/guava/guava/31.1-jre/guava-31.1-jre.jar:/Users/andreas.hansen/.m2/repository/com/google/guava/failureaccess/1.0.1/failureaccess-1.0.1.jar:/Users/andreas.hansen/.m2/repository/org/codehaus/plexus/plexus-classworlds/2.6.0/plexus-classworlds-2.6.0.jar:/Users/andreas.hansen/.m2/repository/org/codehaus/plexus/plexus-sec-dispatcher/2.0/plexus-sec-dispatcher-2.0.jar:/Users/andreas.hansen/.m2/repository/org/codehaus/plexus/plexus-cipher/2.0/plexus-cipher-2.0.jar:/Users/andreas.hansen/.m2/repository/commons-cli/commons-cli/1.4/commons-cli-1.4.jar:/Users/andreas.hansen/.m2/repository/org/eclipse/sisu/org.eclipse.sisu.plexus/0.3.5/org.eclipse.sisu.plexus-0.3.5.jar:/Users/andreas.hansen/.m2/repository/org/apache/maven/maven-settings-builder/3.8.6/maven-settings-builder-3.8.6.jar:/Users/andreas.hansen/.m2/repository/org/codehaus/plexus/plexus-interpolation/1.26/plexus-interpolation-1.26.jar:/Users/andreas.hansen/.m2/repository/org/apache/maven/maven-resolver-provider/3.8.6/maven-resolver-provider-3.8.6.jar:/Users/andreas.hansen/.m2/repository/org/apache/maven/maven-repository-metadata/3.8.6/maven-repository-metadata-3.8.6.jar:/Users/andreas.hansen/.m2/repository/org/apache/maven/resolver/maven-resolver-spi/1.6.3/maven-resolver-spi-1.6.3.jar:/Users/andreas.hansen/.m2/repository/org/apache/maven/resolver/maven-resolver-impl/1.6.3/maven-resolver-impl-1.6.3.jar:/Users/andreas.hansen/.m2/repository/org/codehaus/plexus/plexus-utils/3.3.0/plexus-utils-3.3.0.jar:/Users/andreas.hansen/.m2/repository/org/apache/maven/resolver/maven-resolver-connector-basic/1.6.3/maven-resolver-connector-basic-1.6.3.jar:/Users/andreas.hansen/.m2/repository/org/apache/maven/resolver/maven-resolver-transport-wagon/1.6.3/maven-resolver-transport-wagon-1.6.3.jar:/Users/andreas.hansen/.m2/repository/org/apache/maven/wagon/wagon-http/3.5.1/wagon-http-3.5.1.jar:/Users/andreas.hansen/.m2/repository/org/apache/maven/wagon/wagon-http-shared/3.5.1/wagon-http-shared-3.5.1.jar:/Users/andreas.hansen/.m2/repository/org/apache/maven/wagon/wagon-provider-api/3.5.1/wagon-provider-api-3.5.1.jar:/Users/andreas.hansen/.m2/repository/org/apache/maven/wagon/wagon-file/3.5.1/wagon-file-3.5.1.jar:/Users/andreas.hansen/.m2/repository/io/quarkus/quarkus-bootstrap-gradle-resolver/2.16.2.Final/quarkus-bootstrap-gradle-resolver-2.16.2.Final.jar:/Users/andreas.hansen/.m2/repository/io/smallrye/jandex/3.0.5/jandex-3.0.5.jar:/Users/andreas.hansen/.m2/repository/io/quarkus/quarkus-junit5-properties/2.16.2.Final/quarkus-junit5-properties-2.16.2.Final.jar:/Users/andreas.hansen/.m2/repository/org/junit/jupiter/junit-jupiter/5.9.2/junit-jupiter-5.9.2.jar:/Users/andreas.hansen/.m2/repository/com/thoughtworks/xstream/xstream/1.4.20/xstream-1.4.20.jar:/Users/andreas.hansen/.m2/repository/io/github/x-stream/mxparser/1.2.2/mxparser-1.2.2.jar:/Users/andreas.hansen/.m2/repository/xmlpull/xmlpull/1.1.3.1/xmlpull-1.1.3.1.jar:/Users/andreas.hansen/.m2/repository/org/assertj/assertj-core/3.22.0/assertj-core-3.22.0.jar:/Users/andreas.hansen/.m2/repository/io/quarkus/quarkus-test-h2/2.16.2.Final/quarkus-test-h2-2.16.2.Final.jar:/Users/andreas.hansen/.m2/repository/com/h2database/h2/2.1.214/h2-2.1.214.jar:/Users/andreas.hansen/.m2/repository/io/rest-assured/rest-assured/4.5.1/rest-assured-4.5.1.jar:/Users/andreas.hansen/.m2/repository/org/codehaus/groovy/groovy/3.0.9/groovy-3.0.9.jar:/Users/andreas.hansen/.m2/repository/org/codehaus/groovy/groovy-xml/3.0.9/groovy-xml-3.0.9.jar:/Users/andreas.hansen/.m2/repository/org/apache/httpcomponents/httpclient/4.5.14/httpclient-4.5.14.jar:/Users/andreas.hansen/.m2/repository/org/apache/httpcomponents/httpcore/4.4.16/httpcore-4.4.16.jar:/Users/andreas.hansen/.m2/repository/commons-codec/commons-codec/1.15/commons-codec-1.15.jar:/Users/andreas.hansen/.m2/repository/org/apache/httpcomponents/httpmime/4.5.14/httpmime-4.5.14.jar:/Users/andreas.hansen/.m2/repository/org/hamcrest/hamcrest/2.1/hamcrest-2.1.jar:/Users/andreas.hansen/.m2/repository/org/ccil/cowan/tagsoup/tagsoup/1.2.1/tagsoup-1.2.1.jar:/Users/andreas.hansen/.m2/repository/io/rest-assured/json-path/4.5.1/json-path-4.5.1.jar:/Users/andreas.hansen/.m2/repository/org/codehaus/groovy/groovy-json/3.0.9/groovy-json-3.0.9.jar:/Users/andreas.hansen/.m2/repository/io/rest-assured/rest-assured-common/4.5.1/rest-assured-common-4.5.1.jar:/Users/andreas.hansen/.m2/repository/io/rest-assured/xml-path/4.5.1/xml-path-4.5.1.jar:/Users/andreas.hansen/.m2/repository/org/apache/commons/commons-lang3/3.12.0/commons-lang3-3.12.0.jar:/Users/andreas.hansen/.m2/repository/org/awaitility/awaitility/4.2.0/awaitility-4.2.0.jar:/Users/andreas.hansen/.m2/repository/io/quarkus/quarkus-panache-mock/2.16.2.Final/quarkus-panache-mock-2.16.2.Final.jar:/Users/andreas.hansen/.m2/repository/io/quarkus/quarkus-panache-common-deployment/2.16.2.Final/quarkus-panache-common-deployment-2.16.2.Final.jar:/Users/andreas.hansen/.m2/repository/io/quarkus/quarkus-arc-deployment/2.16.2.Final/quarkus-arc-deployment-2.16.2.Final.jar:/Users/andreas.hansen/.m2/repository/io/quarkus/quarkus-smallrye-context-propagation-spi/2.16.2.Final/quarkus-smallrye-context-propagation-spi-2.16.2.Final.jar:/Users/andreas.hansen/.m2/repository/io/quarkus/quarkus-vertx-http-dev-console-spi/2.16.2.Final/quarkus-vertx-http-dev-console-spi-2.16.2.Final.jar:/Users/andreas.hansen/.m2/repository/io/quarkus/arc/arc-processor/2.16.2.Final/arc-processor-2.16.2.Final.jar:/Users/andreas.hansen/.m2/repository/jakarta/validation/jakarta.validation-api/2.0.2/jakarta.validation-api-2.0.2.jar:/Users/andreas.hansen/.m2/repository/org/ow2/asm/asm/9.4/asm-9.4.jar:/Users/andreas.hansen/.m2/repository/io/quarkus/quarkus-junit5-mockito/2.16.2.Final/quarkus-junit5-mockito-2.16.2.Final.jar:/Users/andreas.hansen/.m2/repository/io/quarkus/quarkus-junit5-mockito-config/2.16.2.Final/quarkus-junit5-mockito-config-2.16.2.Final.jar:/Users/andreas.hansen/.m2/repository/org/mockito/mockito-core/4.11.0/mockito-core-4.11.0.jar:/Users/andreas.hansen/.m2/repository/net/bytebuddy/byte-buddy-agent/1.12.19/byte-buddy-agent-1.12.19.jar:/Users/andreas.hansen/.m2/repository/org/objenesis/objenesis/3.3/objenesis-3.3.jar:/Users/andreas.hansen/.m2/repository/io/quarkus/quarkus-junit5-internal/2.16.2.Final/quarkus-junit5-internal-2.16.2.Final.jar:/Users/andreas.hansen/.m2/repository/org/jboss/shrinkwrap/shrinkwrap-api/1.2.6/shrinkwrap-api-1.2.6.jar:/Users/andreas.hansen/.m2/repository/org/jboss/shrinkwrap/shrinkwrap-spi/1.2.6/shrinkwrap-spi-1.2.6.jar:/Users/andreas.hansen/.m2/repository/org/jboss/shrinkwrap/shrinkwrap-impl-base/1.2.6/shrinkwrap-impl-base-1.2.6.jar:/Users/andreas.hansen/.m2/repository/org/junit/jupiter/junit-jupiter-api/5.9.2/junit-jupiter-api-5.9.2.jar:/Users/andreas.hansen/.m2/repository/org/opentest4j/opentest4j/1.2.0/opentest4j-1.2.0.jar:/Users/andreas.hansen/.m2/repository/org/junit/platform/junit-platform-commons/1.9.2/junit-platform-commons-1.9.2.jar:/Users/andreas.hansen/.m2/repository/org/apiguardian/apiguardian-api/1.1.2/apiguardian-api-1.1.2.jar:/Users/andreas.hansen/.m2/repository/org/junit/jupiter/junit-jupiter-params/5.9.2/junit-jupiter-params-5.9.2.jar:/Users/andreas.hansen/.m2/repository/org/junit/jupiter/junit-jupiter-engine/5.9.2/junit-jupiter-engine-5.9.2.jar:/Users/andreas.hansen/.m2/repository/org/junit/platform/junit-platform-engine/1.9.2/junit-platform-engine-1.9.2.jar:/Users/andreas.hansen/.m2/repository/jakarta/enterprise/jakarta.enterprise.cdi-api/2.0.2/jakarta.enterprise.cdi-api-2.0.2.jar:/Users/andreas.hansen/.m2/repository/jakarta/el/jakarta.el-api/3.0.3/jakarta.el-api-3.0.3.jar:/Users/andreas.hansen/.m2/repository/jakarta/interceptor/jakarta.interceptor-api/1.2.5/jakarta.interceptor-api-1.2.5.jar:/Users/andreas.hansen/.m2/repository/io/quarkus/quarkus-devtools-utilities/2.16.2.Final/quarkus-devtools-utilities-2.16.2.Final.jar:"/>
    <property name="sun.cpu.endian" value="little"/>
    <property name="user.home" value="/Users/andreas.hansen"/>
    <property name="user.language" value="en"/>
    <property name="java.specification.vendor" value="Oracle Corporation"/>
    <property name="java.version.date" value="2023-01-17"/>
    <property name="java.home" value="/Library/Java/JavaVirtualMachines/graalvm-ce-java19-22.3.1/Contents/Home"/>
    <property name="file.separator" value="/"/>
    <property name="basedir" value="/Users/andreas.hansen/dev/quarkus/orm"/>
    <property name="style.color" value="always"/>
    <property name="java.vm.compressedOopsMode" value="Zero based"/>
    <property name="jdk.internal.vm.ci.enabled" value="true"/>
    <property name="line.separator" value="&#10;"/>
    <property name="java.vm.specification.vendor" value="Oracle Corporation"/>
    <property name="java.specification.name" value="Java Platform API Specification"/>
    <property name="apple.awt.application.name" value="ForkedBooter"/>
    <property name="surefire.real.class.path" value="/Users/andreas.hansen/dev/quarkus/orm/target/surefire/surefirebooter-20230223144859891_3.jar"/>
    <property name="sun.management.compiler" value="HotSpot 64-Bit Tiered Compilers"/>
    <property name="java.runtime.version" value="19.0.2+7-jvmci-22.3-b12"/>
    <property name="user.name" value="andreas.hansen"/>
    <property name="stdout.encoding" value="US-ASCII"/>
    <property name="path.separator" value=":"/>
    <property name="os.version" value="12.6.3"/>
    <property name="java.runtime.name" value="OpenJDK Runtime Environment"/>
    <property name="file.encoding" value="UTF-8"/>
    <property name="java.vm.name" value="OpenJDK 64-Bit Server VM"/>
    <property name="java.vendor.version" value="GraalVM CE 22.3.1"/>
    <property name="localRepository" value="/Users/andreas.hansen/.m2/repository"/>
    <property name="java.vendor.url.bug" value="https://github.com/oracle/graal/issues"/>
    <property name="java.io.tmpdir" value="/var/folders/dv/39jyb_9s12lbw51193xwjk6h0000gn/T/"/>
    <property name="java.version" value="19.0.2"/>
    <property name="user.dir" value="/Users/andreas.hansen/dev/quarkus/orm"/>
    <property name="os.arch" value="aarch64"/>
    <property name="java.vm.specification.name" value="Java Virtual Machine Specification"/>
    <property name="native.encoding" value="US-ASCII"/>
    <property name="java.util.logging.manager" value="org.jboss.logmanager.LogManager"/>
    <property name="java.library.path" value="/Users/andreas.hansen/Library/Java/Extensions:/Library/Java/Extensions:/Network/Library/Java/Extensions:/System/Library/Java/Extensions:/usr/lib/java:."/>
    <property name="java.vm.info" value="mixed mode, sharing"/>
    <property name="stderr.encoding" value="US-ASCII"/>
    <property name="java.vendor" value="GraalVM Community"/>
    <property name="java.vm.version" value="19.0.2+7-jvmci-22.3-b12"/>
    <property name="sun.io.unicode.encoding" value="UnicodeBig"/>
    <property name="java.class.version" value="63.0"/>
  </properties>
  <testcase name="testEntityNotFoundForDelete" classname="org.acme.hibernate.orm.panache.TicketResourceTest" time="0.59">
    <failure message="1 expectation failed.&#10;Response body doesn&apos;t match expectation.&#10;Expected: an empty string&#10;  Actual: {&quot;timestamp&quot;:1677160140980,&quot;status&quot;:404,&quot;error&quot;:&quot;Not Found&quot;,&quot;message&quot;:&quot;&quot;,&quot;path&quot;:&quot;/9236&quot;}&#10;" type="java.lang.AssertionError"><![CDATA[java.lang.AssertionError: 
1 expectation failed.
Response body doesn't match expectation.
Expected: an empty string
  Actual: {"timestamp":1677160140980,"status":404,"error":"Not Found","message":"","path":"/9236"}

	at java.base/jdk.internal.reflect.DirectConstructorHandleAccessor.newInstance(DirectConstructorHandleAccessor.java:67)
	at java.base/java.lang.reflect.Constructor.newInstanceWithCaller(Constructor.java:500)
	at java.base/java.lang.reflect.Constructor.newInstance(Constructor.java:484)
	at org.codehaus.groovy.reflection.CachedConstructor.invoke(CachedConstructor.java:72)
	at org.codehaus.groovy.runtime.callsite.ConstructorSite$ConstructorSiteNoUnwrapNoCoerce.callConstructor(ConstructorSite.java:105)
	at org.codehaus.groovy.runtime.callsite.CallSiteArray.defaultCallConstructor(CallSiteArray.java:59)
	at org.codehaus.groovy.runtime.callsite.AbstractCallSite.callConstructor(AbstractCallSite.java:263)
	at org.codehaus.groovy.runtime.callsite.AbstractCallSite.callConstructor(AbstractCallSite.java:277)
	at io.restassured.internal.ResponseSpecificationImpl$HamcrestAssertionClosure.validate(ResponseSpecificationImpl.groovy:499)
	at io.restassured.internal.ResponseSpecificationImpl$HamcrestAssertionClosure$validate$1.call(Unknown Source)
	at io.restassured.internal.ResponseSpecificationImpl.validateResponseIfRequired(ResponseSpecificationImpl.groovy:684)
	at java.base/jdk.internal.reflect.DirectMethodHandleAccessor.invoke(DirectMethodHandleAccessor.java:104)
	at java.base/java.lang.reflect.Method.invoke(Method.java:578)
	at org.codehaus.groovy.runtime.callsite.PlainObjectMetaMethodSite.doInvoke(PlainObjectMetaMethodSite.java:43)
	at org.codehaus.groovy.runtime.callsite.PogoMetaMethodSite$PogoCachedMethodSiteNoUnwrapNoCoerce.invoke(PogoMetaMethodSite.java:193)
	at org.codehaus.groovy.runtime.callsite.PogoMetaMethodSite.callCurrent(PogoMetaMethodSite.java:61)
	at org.codehaus.groovy.runtime.callsite.CallSiteArray.defaultCallCurrent(CallSiteArray.java:51)
	at org.codehaus.groovy.runtime.callsite.AbstractCallSite.callCurrent(AbstractCallSite.java:171)
	at org.codehaus.groovy.runtime.callsite.AbstractCallSite.callCurrent(AbstractCallSite.java:185)
	at io.restassured.internal.ResponseSpecificationImpl.body(ResponseSpecificationImpl.groovy:99)
	at io.restassured.internal.ValidatableResponseOptionsImpl.body(ValidatableResponseOptionsImpl.java:238)
	at io.restassured.internal.ValidatableResponseImpl.super$2$body(ValidatableResponseImpl.groovy)
	at java.base/jdk.internal.reflect.DirectMethodHandleAccessor.invoke(DirectMethodHandleAccessor.java:104)
	at java.base/java.lang.reflect.Method.invoke(Method.java:578)
	at org.codehaus.groovy.reflection.CachedMethod.invoke(CachedMethod.java:107)
	at groovy.lang.MetaMethod.doMethodInvoke(MetaMethod.java:323)
	at groovy.lang.MetaClassImpl.invokeMethod(MetaClassImpl.java:1268)
	at org.codehaus.groovy.runtime.ScriptBytecodeAdapter.invokeMethodOnSuperN(ScriptBytecodeAdapter.java:144)
	at io.restassured.internal.ValidatableResponseImpl.body(ValidatableResponseImpl.groovy:293)
	at io.restassured.internal.ValidatableResponseImpl.body(ValidatableResponseImpl.groovy)
	at org.acme.hibernate.orm.panache.TicketResourceTest.testEntityNotFoundForDelete(TicketResourceTest.java:39)
	at java.base/jdk.internal.reflect.DirectMethodHandleAccessor.invoke(DirectMethodHandleAccessor.java:104)
	at java.base/java.lang.reflect.Method.invoke(Method.java:578)
	at org.junit.platform.commons.util.ReflectionUtils.invokeMethod(ReflectionUtils.java:727)
	at org.junit.jupiter.engine.execution.MethodInvocation.proceed(MethodInvocation.java:60)
	at org.junit.jupiter.engine.execution.InvocationInterceptorChain$ValidatingInvocation.proceed(InvocationInterceptorChain.java:131)
	at org.junit.jupiter.engine.extension.TimeoutExtension.intercept(TimeoutExtension.java:156)
	at org.junit.jupiter.engine.extension.TimeoutExtension.interceptTestableMethod(TimeoutExtension.java:147)
	at org.junit.jupiter.engine.extension.TimeoutExtension.interceptTestMethod(TimeoutExtension.java:86)
	at org.junit.jupiter.engine.execution.InterceptingExecutableInvoker$ReflectiveInterceptorCall.lambda$ofVoidMethod$0(InterceptingExecutableInvoker.java:103)
	at org.junit.jupiter.engine.execution.InterceptingExecutableInvoker.lambda$invoke$0(InterceptingExecutableInvoker.java:93)
	at org.junit.jupiter.engine.execution.InvocationInterceptorChain$InterceptedInvocation.proceed(InvocationInterceptorChain.java:106)
	at org.junit.jupiter.engine.execution.InvocationInterceptorChain.proceed(InvocationInterceptorChain.java:64)
	at org.junit.jupiter.engine.execution.InvocationInterceptorChain.chainAndInvoke(InvocationInterceptorChain.java:45)
	at org.junit.jupiter.engine.execution.InvocationInterceptorChain.invoke(InvocationInterceptorChain.java:37)
	at org.junit.jupiter.engine.execution.InterceptingExecutableInvoker.invoke(InterceptingExecutableInvoker.java:92)
	at org.junit.jupiter.engine.execution.InterceptingExecutableInvoker.invoke(InterceptingExecutableInvoker.java:86)
	at org.junit.jupiter.engine.descriptor.TestMethodTestDescriptor.lambda$invokeTestMethod$7(TestMethodTestDescriptor.java:217)
	at org.junit.platform.engine.support.hierarchical.ThrowableCollector.execute(ThrowableCollector.java:73)
	at org.junit.jupiter.engine.descriptor.TestMethodTestDescriptor.invokeTestMethod(TestMethodTestDescriptor.java:213)
	at org.junit.jupiter.engine.descriptor.TestMethodTestDescriptor.execute(TestMethodTestDescriptor.java:138)
	at org.junit.jupiter.engine.descriptor.TestMethodTestDescriptor.execute(TestMethodTestDescriptor.java:68)
	at org.junit.platform.engine.support.hierarchical.NodeTestTask.lambda$executeRecursively$6(NodeTestTask.java:151)
	at org.junit.platform.engine.support.hierarchical.ThrowableCollector.execute(ThrowableCollector.java:73)
	at org.junit.platform.engine.support.hierarchical.NodeTestTask.lambda$executeRecursively$8(NodeTestTask.java:141)
	at org.junit.platform.engine.support.hierarchical.Node.around(Node.java:137)
	at org.junit.platform.engine.support.hierarchical.NodeTestTask.lambda$executeRecursively$9(NodeTestTask.java:139)
	at org.junit.platform.engine.support.hierarchical.ThrowableCollector.execute(ThrowableCollector.java:73)
	at org.junit.platform.engine.support.hierarchical.NodeTestTask.executeRecursively(NodeTestTask.java:138)
	at org.junit.platform.engine.support.hierarchical.NodeTestTask.execute(NodeTestTask.java:95)
	at java.base/java.util.ArrayList.forEach(ArrayList.java:1511)
	at org.junit.platform.engine.support.hierarchical.SameThreadHierarchicalTestExecutorService.invokeAll(SameThreadHierarchicalTestExecutorService.java:41)
	at org.junit.platform.engine.support.hierarchical.NodeTestTask.lambda$executeRecursively$6(NodeTestTask.java:155)
	at org.junit.platform.engine.support.hierarchical.ThrowableCollector.execute(ThrowableCollector.java:73)
	at org.junit.platform.engine.support.hierarchical.NodeTestTask.lambda$executeRecursively$8(NodeTestTask.java:141)
	at org.junit.platform.engine.support.hierarchical.Node.around(Node.java:137)
	at org.junit.platform.engine.support.hierarchical.NodeTestTask.lambda$executeRecursively$9(NodeTestTask.java:139)
	at org.junit.platform.engine.support.hierarchical.ThrowableCollector.execute(ThrowableCollector.java:73)
	at org.junit.platform.engine.support.hierarchical.NodeTestTask.executeRecursively(NodeTestTask.java:138)
	at org.junit.platform.engine.support.hierarchical.NodeTestTask.execute(NodeTestTask.java:95)
	at java.base/java.util.ArrayList.forEach(ArrayList.java:1511)
	at org.junit.platform.engine.support.hierarchical.SameThreadHierarchicalTestExecutorService.invokeAll(SameThreadHierarchicalTestExecutorService.java:41)
	at org.junit.platform.engine.support.hierarchical.NodeTestTask.lambda$executeRecursively$6(NodeTestTask.java:155)
	at org.junit.platform.engine.support.hierarchical.ThrowableCollector.execute(ThrowableCollector.java:73)
	at org.junit.platform.engine.support.hierarchical.NodeTestTask.lambda$executeRecursively$8(NodeTestTask.java:141)
	at org.junit.platform.engine.support.hierarchical.Node.around(Node.java:137)
	at org.junit.platform.engine.support.hierarchical.NodeTestTask.lambda$executeRecursively$9(NodeTestTask.java:139)
	at org.junit.platform.engine.support.hierarchical.ThrowableCollector.execute(ThrowableCollector.java:73)
	at org.junit.platform.engine.support.hierarchical.NodeTestTask.executeRecursively(NodeTestTask.java:138)
	at org.junit.platform.engine.support.hierarchical.NodeTestTask.execute(NodeTestTask.java:95)
	at org.junit.platform.engine.support.hierarchical.SameThreadHierarchicalTestExecutorService.submit(SameThreadHierarchicalTestExecutorService.java:35)
	at org.junit.platform.engine.support.hierarchical.HierarchicalTestExecutor.execute(HierarchicalTestExecutor.java:57)
	at org.junit.platform.engine.support.hierarchical.HierarchicalTestEngine.execute(HierarchicalTestEngine.java:54)
	at org.junit.platform.launcher.core.EngineExecutionOrchestrator.execute(EngineExecutionOrchestrator.java:147)
	at org.junit.platform.launcher.core.EngineExecutionOrchestrator.execute(EngineExecutionOrchestrator.java:127)
	at org.junit.platform.launcher.core.EngineExecutionOrchestrator.execute(EngineExecutionOrchestrator.java:90)
	at org.junit.platform.launcher.core.EngineExecutionOrchestrator.lambda$execute$0(EngineExecutionOrchestrator.java:55)
	at org.junit.platform.launcher.core.EngineExecutionOrchestrator.withInterceptedStreams(EngineExecutionOrchestrator.java:102)
	at org.junit.platform.launcher.core.EngineExecutionOrchestrator.execute(EngineExecutionOrchestrator.java:54)
	at org.junit.platform.launcher.core.DefaultLauncher.execute(DefaultLauncher.java:114)
	at org.junit.platform.launcher.core.DefaultLauncher.execute(DefaultLauncher.java:86)
	at org.junit.platform.launcher.core.DefaultLauncherSession$DelegatingLauncher.execute(DefaultLauncherSession.java:86)
	at org.apache.maven.surefire.junitplatform.LazyLauncher.execute(LazyLauncher.java:55)
	at org.apache.maven.surefire.junitplatform.JUnitPlatformProvider.execute(JUnitPlatformProvider.java:223)
	at org.apache.maven.surefire.junitplatform.JUnitPlatformProvider.invokeAllTests(JUnitPlatformProvider.java:175)
	at org.apache.maven.surefire.junitplatform.JUnitPlatformProvider.invoke(JUnitPlatformProvider.java:139)
	at org.apache.maven.surefire.booter.ForkedBooter.runSuitesInProcess(ForkedBooter.java:456)
	at org.apache.maven.surefire.booter.ForkedBooter.execute(ForkedBooter.java:169)
	at org.apache.maven.surefire.booter.ForkedBooter.run(ForkedBooter.java:595)
	at org.apache.maven.surefire.booter.ForkedBooter.main(ForkedBooter.java:581)
]]></failure>
  </testcase>
  <testcase name="testListAll" classname="org.acme.hibernate.orm.panache.TicketResourceTest" time="0.031"/>
</testsuite>